{"/Users/JimBarrows/projects.nosync/TravellerRPG/ui-player/cucumber.js": {"path":"/Users/JimBarrows/projects.nosync/TravellerRPG/ui-player/cucumber.js","all":true,"statementMap":{"0":{"start":{"line":1,"column":0},"end":{"line":1,"column":16}},"1":{"start":{"line":2,"column":0},"end":{"line":2,"column":35}},"2":{"start":{"line":3,"column":0},"end":{"line":3,"column":37}},"3":{"start":{"line":4,"column":0},"end":{"line":4,"column":11}},"4":{"start":{"line":5,"column":0},"end":{"line":5,"column":15}},"5":{"start":{"line":6,"column":0},"end":{"line":6,"column":45}},"6":{"start":{"line":7,"column":0},"end":{"line":7,"column":44}},"7":{"start":{"line":8,"column":0},"end":{"line":8,"column":4}},"8":{"start":{"line":9,"column":0},"end":{"line":9,"column":18}},"9":{"start":{"line":10,"column":0},"end":{"line":10,"column":35}},"10":{"start":{"line":11,"column":0},"end":{"line":11,"column":4}},"11":{"start":{"line":12,"column":0},"end":{"line":12,"column":20}},"12":{"start":{"line":13,"column":0},"end":{"line":13,"column":2}}},"s":{"0":0,"1":0,"2":0,"3":0,"4":0,"5":0,"6":0,"7":0,"8":0,"9":0,"10":0,"11":0,"12":0},"branchMap":{"0":{"type":"branch","line":1,"loc":{"start":{"line":1,"column":298},"end":{"line":13,"column":2}},"locations":[{"start":{"line":1,"column":298},"end":{"line":13,"column":2}}]}},"b":{"0":[0]},"fnMap":{"0":{"name":"(empty-report)","decl":{"start":{"line":1,"column":298},"end":{"line":13,"column":2}},"loc":{"start":{"line":1,"column":298},"end":{"line":13,"column":2}},"line":1}},"f":{"0":0}}
,"/Users/JimBarrows/projects.nosync/TravellerRPG/ui-player/eslint.config.js": {"path":"/Users/JimBarrows/projects.nosync/TravellerRPG/ui-player/eslint.config.js","all":true,"statementMap":{"0":{"start":{"line":1,"column":0},"end":{"line":1,"column":37}},"1":{"start":{"line":2,"column":0},"end":{"line":2,"column":52}},"2":{"start":{"line":3,"column":0},"end":{"line":3,"column":54}},"3":{"start":{"line":4,"column":0},"end":{"line":4,"column":34}},"5":{"start":{"line":6,"column":0},"end":{"line":6,"column":16}},"6":{"start":{"line":7,"column":0},"end":{"line":7,"column":24}},"7":{"start":{"line":8,"column":0},"end":{"line":8,"column":3}},"8":{"start":{"line":9,"column":0},"end":{"line":9,"column":29}},"9":{"start":{"line":10,"column":0},"end":{"line":10,"column":22}},"10":{"start":{"line":11,"column":0},"end":{"line":11,"column":24}},"11":{"start":{"line":12,"column":0},"end":{"line":12,"column":31}},"12":{"start":{"line":13,"column":0},"end":{"line":13,"column":22}},"13":{"start":{"line":14,"column":0},"end":{"line":14,"column":30}},"14":{"start":{"line":15,"column":0},"end":{"line":15,"column":36}},"15":{"start":{"line":16,"column":0},"end":{"line":16,"column":29}},"16":{"start":{"line":17,"column":0},"end":{"line":17,"column":8}},"17":{"start":{"line":18,"column":0},"end":{"line":18,"column":6}},"18":{"start":{"line":19,"column":0},"end":{"line":19,"column":14}},"19":{"start":{"line":20,"column":0},"end":{"line":20,"column":32}},"20":{"start":{"line":21,"column":0},"end":{"line":21,"column":36}},"21":{"start":{"line":22,"column":0},"end":{"line":22,"column":6}},"22":{"start":{"line":23,"column":0},"end":{"line":23,"column":12}},"23":{"start":{"line":24,"column":0},"end":{"line":24,"column":38}},"24":{"start":{"line":25,"column":0},"end":{"line":25,"column":46}},"25":{"start":{"line":26,"column":0},"end":{"line":26,"column":68}},"26":{"start":{"line":27,"column":0},"end":{"line":27,"column":47}},"27":{"start":{"line":28,"column":0},"end":{"line":28,"column":15}},"28":{"start":{"line":29,"column":0},"end":{"line":29,"column":38}},"29":{"start":{"line":30,"column":0},"end":{"line":30,"column":8}},"30":{"start":{"line":31,"column":0},"end":{"line":31,"column":6}},"31":{"start":{"line":32,"column":0},"end":{"line":32,"column":4}},"32":{"start":{"line":33,"column":0},"end":{"line":33,"column":1}}},"s":{"0":0,"1":0,"2":0,"3":0,"5":0,"6":0,"7":0,"8":0,"9":0,"10":0,"11":0,"12":0,"13":0,"14":0,"15":0,"16":0,"17":0,"18":0,"19":0,"20":0,"21":0,"22":0,"23":0,"24":0,"25":0,"26":0,"27":0,"28":0,"29":0,"30":0,"31":0,"32":0},"branchMap":{"0":{"type":"branch","line":1,"loc":{"start":{"line":1,"column":860},"end":{"line":33,"column":1}},"locations":[{"start":{"line":1,"column":860},"end":{"line":33,"column":1}}]}},"b":{"0":[0]},"fnMap":{"0":{"name":"(empty-report)","decl":{"start":{"line":1,"column":860},"end":{"line":33,"column":1}},"loc":{"start":{"line":1,"column":860},"end":{"line":33,"column":1}},"line":1}},"f":{"0":0}}
,"/Users/JimBarrows/projects.nosync/TravellerRPG/ui-player/vite.config.js": {"path":"/Users/JimBarrows/projects.nosync/TravellerRPG/ui-player/vite.config.js","all":true,"statementMap":{"0":{"start":{"line":1,"column":0},"end":{"line":1,"column":40}},"1":{"start":{"line":2,"column":0},"end":{"line":2,"column":35}},"3":{"start":{"line":4,"column":0},"end":{"line":4,"column":27}},"4":{"start":{"line":5,"column":0},"end":{"line":5,"column":29}},"5":{"start":{"line":6,"column":0},"end":{"line":6,"column":21}},"6":{"start":{"line":7,"column":0},"end":{"line":7,"column":9}},"7":{"start":{"line":8,"column":0},"end":{"line":8,"column":18}},"8":{"start":{"line":9,"column":0},"end":{"line":9,"column":29}},"9":{"start":{"line":10,"column":0},"end":{"line":10,"column":38}},"10":{"start":{"line":11,"column":0},"end":{"line":11,"column":15}},"11":{"start":{"line":12,"column":0},"end":{"line":12,"column":41}},"12":{"start":{"line":13,"column":0},"end":{"line":13,"column":16}},"13":{"start":{"line":14,"column":0},"end":{"line":14,"column":24}},"14":{"start":{"line":15,"column":0},"end":{"line":15,"column":20}},"15":{"start":{"line":16,"column":0},"end":{"line":16,"column":7}},"16":{"start":{"line":17,"column":0},"end":{"line":17,"column":5}},"17":{"start":{"line":18,"column":0},"end":{"line":18,"column":4}},"18":{"start":{"line":19,"column":0},"end":{"line":19,"column":12}},"19":{"start":{"line":20,"column":0},"end":{"line":20,"column":12}},"20":{"start":{"line":21,"column":0},"end":{"line":21,"column":18}},"21":{"start":{"line":22,"column":0},"end":{"line":22,"column":5}},"22":{"start":{"line":23,"column":0},"end":{"line":23,"column":3}},"23":{"start":{"line":24,"column":0},"end":{"line":24,"column":2}}},"s":{"0":0,"1":0,"3":0,"4":0,"5":0,"6":0,"7":0,"8":0,"9":0,"10":0,"11":0,"12":0,"13":0,"14":0,"15":0,"16":0,"17":0,"18":0,"19":0,"20":0,"21":0,"22":0,"23":0},"branchMap":{"0":{"type":"branch","line":1,"loc":{"start":{"line":1,"column":453},"end":{"line":24,"column":2}},"locations":[{"start":{"line":1,"column":453},"end":{"line":24,"column":2}}]}},"b":{"0":[0]},"fnMap":{"0":{"name":"(empty-report)","decl":{"start":{"line":1,"column":453},"end":{"line":24,"column":2}},"loc":{"start":{"line":1,"column":453},"end":{"line":24,"column":2}},"line":1}},"f":{"0":0}}
,"/Users/JimBarrows/projects.nosync/TravellerRPG/ui-player/src/App.jsx": {"path":"/Users/JimBarrows/projects.nosync/TravellerRPG/ui-player/src/App.jsx","all":true,"statementMap":{"0":{"start":{"line":1,"column":0},"end":{"line":1,"column":34}},"1":{"start":{"line":2,"column":0},"end":{"line":2,"column":30}},"2":{"start":{"line":3,"column":0},"end":{"line":3,"column":43}},"3":{"start":{"line":4,"column":0},"end":{"line":4,"column":18}},"5":{"start":{"line":6,"column":0},"end":{"line":6,"column":16}},"6":{"start":{"line":7,"column":0},"end":{"line":7,"column":39}},"8":{"start":{"line":9,"column":0},"end":{"line":9,"column":10}},"9":{"start":{"line":10,"column":0},"end":{"line":10,"column":6}},"10":{"start":{"line":11,"column":0},"end":{"line":11,"column":11}},"11":{"start":{"line":12,"column":0},"end":{"line":12,"column":51}},"12":{"start":{"line":13,"column":0},"end":{"line":13,"column":65}},"13":{"start":{"line":14,"column":0},"end":{"line":14,"column":12}},"14":{"start":{"line":15,"column":0},"end":{"line":15,"column":52}},"15":{"start":{"line":16,"column":0},"end":{"line":16,"column":73}},"16":{"start":{"line":17,"column":0},"end":{"line":17,"column":12}},"17":{"start":{"line":18,"column":0},"end":{"line":18,"column":12}},"18":{"start":{"line":19,"column":0},"end":{"line":19,"column":27}},"19":{"start":{"line":20,"column":0},"end":{"line":20,"column":28}},"20":{"start":{"line":21,"column":0},"end":{"line":21,"column":63}},"21":{"start":{"line":22,"column":0},"end":{"line":22,"column":26}},"22":{"start":{"line":23,"column":0},"end":{"line":23,"column":17}},"23":{"start":{"line":24,"column":0},"end":{"line":24,"column":11}},"24":{"start":{"line":25,"column":0},"end":{"line":25,"column":60}},"25":{"start":{"line":26,"column":0},"end":{"line":26,"column":12}},"26":{"start":{"line":27,"column":0},"end":{"line":27,"column":12}},"27":{"start":{"line":28,"column":0},"end":{"line":28,"column":35}},"29":{"start":{"line":30,"column":0},"end":{"line":30,"column":10}},"30":{"start":{"line":31,"column":0},"end":{"line":31,"column":7}},"32":{"start":{"line":33,"column":0},"end":{"line":33,"column":1}},"34":{"start":{"line":35,"column":0},"end":{"line":35,"column":18}}},"s":{"0":0,"1":0,"2":0,"3":0,"5":0,"6":0,"8":0,"9":0,"10":0,"11":0,"12":0,"13":0,"14":0,"15":0,"16":0,"17":0,"18":0,"19":0,"20":0,"21":0,"22":0,"23":0,"24":0,"25":0,"26":0,"27":0,"29":0,"30":0,"32":0,"34":0},"branchMap":{"0":{"type":"branch","line":1,"loc":{"start":{"line":1,"column":903},"end":{"line":35,"column":18}},"locations":[{"start":{"line":1,"column":903},"end":{"line":35,"column":18}}]}},"b":{"0":[0]},"fnMap":{"0":{"name":"(empty-report)","decl":{"start":{"line":1,"column":903},"end":{"line":35,"column":18}},"loc":{"start":{"line":1,"column":903},"end":{"line":35,"column":18}},"line":1}},"f":{"0":0}}
,"/Users/JimBarrows/projects.nosync/TravellerRPG/ui-player/src/main.jsx": {"path":"/Users/JimBarrows/projects.nosync/TravellerRPG/ui-player/src/main.jsx","all":true,"statementMap":{"0":{"start":{"line":1,"column":0},"end":{"line":1,"column":32}},"1":{"start":{"line":2,"column":0},"end":{"line":2,"column":43}},"2":{"start":{"line":3,"column":0},"end":{"line":3,"column":20}},"3":{"start":{"line":4,"column":0},"end":{"line":4,"column":36}},"5":{"start":{"line":6,"column":0},"end":{"line":6,"column":51}},"6":{"start":{"line":7,"column":0},"end":{"line":7,"column":14}},"7":{"start":{"line":8,"column":0},"end":{"line":8,"column":11}},"8":{"start":{"line":9,"column":0},"end":{"line":9,"column":16}},"9":{"start":{"line":10,"column":0},"end":{"line":10,"column":1}}},"s":{"0":0,"1":0,"2":0,"3":0,"5":0,"6":0,"7":0,"8":0,"9":0},"branchMap":{"0":{"type":"branch","line":1,"loc":{"start":{"line":1,"column":207},"end":{"line":10,"column":-156}},"locations":[{"start":{"line":1,"column":207},"end":{"line":10,"column":-156}}]}},"b":{"0":[0]},"fnMap":{"0":{"name":"(empty-report)","decl":{"start":{"line":1,"column":207},"end":{"line":10,"column":-156}},"loc":{"start":{"line":1,"column":207},"end":{"line":10,"column":-156}},"line":1}},"f":{"0":0}}
,"/Users/JimBarrows/projects.nosync/TravellerRPG/ui-player/src/features/auth/components/AccountPage.jsx": {"path":"/Users/JimBarrows/projects.nosync/TravellerRPG/ui-player/src/features/auth/components/AccountPage.jsx","all":false,"statementMap":{"0":{"start":{"line":1,"column":0},"end":{"line":1,"column":51}},"1":{"start":{"line":2,"column":0},"end":{"line":2,"column":49}},"2":{"start":{"line":3,"column":0},"end":{"line":3,"column":62}},"3":{"start":{"line":4,"column":0},"end":{"line":4,"column":66}},"4":{"start":{"line":5,"column":0},"end":{"line":5,"column":64}},"5":{"start":{"line":6,"column":0},"end":{"line":6,"column":51}},"6":{"start":{"line":7,"column":0},"end":{"line":7,"column":27}},"12":{"start":{"line":13,"column":0},"end":{"line":13,"column":34}},"13":{"start":{"line":14,"column":0},"end":{"line":14,"column":69}},"14":{"start":{"line":15,"column":0},"end":{"line":15,"column":57}},"15":{"start":{"line":16,"column":0},"end":{"line":16,"column":71}},"16":{"start":{"line":17,"column":0},"end":{"line":17,"column":60}},"17":{"start":{"line":18,"column":0},"end":{"line":18,"column":61}},"18":{"start":{"line":19,"column":0},"end":{"line":19,"column":68}},"19":{"start":{"line":20,"column":0},"end":{"line":20,"column":65}},"20":{"start":{"line":21,"column":0},"end":{"line":21,"column":70}},"21":{"start":{"line":22,"column":0},"end":{"line":22,"column":70}},"22":{"start":{"line":23,"column":0},"end":{"line":23,"column":50}},"23":{"start":{"line":24,"column":0},"end":{"line":24,"column":50}},"24":{"start":{"line":25,"column":0},"end":{"line":25,"column":13}},"25":{"start":{"line":26,"column":0},"end":{"line":26,"column":13}},"26":{"start":{"line":27,"column":0},"end":{"line":27,"column":5}},"27":{"start":{"line":28,"column":0},"end":{"line":28,"column":57}},"30":{"start":{"line":31,"column":0},"end":{"line":31,"column":19}},"31":{"start":{"line":32,"column":0},"end":{"line":32,"column":42}},"32":{"start":{"line":33,"column":0},"end":{"line":33,"column":28}},"34":{"start":{"line":35,"column":0},"end":{"line":35,"column":11}},"35":{"start":{"line":36,"column":0},"end":{"line":36,"column":37}},"36":{"start":{"line":37,"column":0},"end":{"line":37,"column":81}},"37":{"start":{"line":38,"column":0},"end":{"line":38,"column":29}},"38":{"start":{"line":39,"column":0},"end":{"line":39,"column":23}},"39":{"start":{"line":40,"column":0},"end":{"line":40,"column":61}},"40":{"start":{"line":41,"column":0},"end":{"line":41,"column":17}},"41":{"start":{"line":42,"column":0},"end":{"line":42,"column":38}},"42":{"start":{"line":43,"column":0},"end":{"line":43,"column":7}},"43":{"start":{"line":44,"column":0},"end":{"line":44,"column":6}},"45":{"start":{"line":46,"column":0},"end":{"line":46,"column":23}},"46":{"start":{"line":47,"column":0},"end":{"line":47,"column":17}},"49":{"start":{"line":50,"column":0},"end":{"line":50,"column":19}},"50":{"start":{"line":51,"column":0},"end":{"line":51,"column":15}},"51":{"start":{"line":52,"column":0},"end":{"line":52,"column":22}},"52":{"start":{"line":53,"column":0},"end":{"line":53,"column":59}},"53":{"start":{"line":54,"column":0},"end":{"line":54,"column":57}},"54":{"start":{"line":55,"column":0},"end":{"line":55,"column":9}},"55":{"start":{"line":56,"column":0},"end":{"line":56,"column":5}},"56":{"start":{"line":57,"column":0},"end":{"line":57,"column":13}},"59":{"start":{"line":60,"column":0},"end":{"line":60,"column":19}},"60":{"start":{"line":61,"column":0},"end":{"line":61,"column":45}},"61":{"start":{"line":62,"column":0},"end":{"line":62,"column":78}},"62":{"start":{"line":63,"column":0},"end":{"line":63,"column":72}},"64":{"start":{"line":65,"column":0},"end":{"line":65,"column":44}},"65":{"start":{"line":66,"column":0},"end":{"line":66,"column":36}},"66":{"start":{"line":67,"column":0},"end":{"line":67,"column":47}},"67":{"start":{"line":68,"column":0},"end":{"line":68,"column":54}},"68":{"start":{"line":69,"column":0},"end":{"line":69,"column":7}},"69":{"start":{"line":70,"column":0},"end":{"line":70,"column":6}},"71":{"start":{"line":72,"column":0},"end":{"line":72,"column":87}},"72":{"start":{"line":73,"column":0},"end":{"line":73,"column":43}},"74":{"start":{"line":75,"column":0},"end":{"line":75,"column":41}},"75":{"start":{"line":76,"column":0},"end":{"line":76,"column":9}},"78":{"start":{"line":79,"column":0},"end":{"line":79,"column":40}},"79":{"start":{"line":80,"column":0},"end":{"line":80,"column":26}},"81":{"start":{"line":82,"column":0},"end":{"line":82,"column":9}},"82":{"start":{"line":83,"column":0},"end":{"line":83,"column":29}},"83":{"start":{"line":84,"column":0},"end":{"line":84,"column":62}},"85":{"start":{"line":86,"column":0},"end":{"line":86,"column":73}},"87":{"start":{"line":88,"column":0},"end":{"line":88,"column":64}},"90":{"start":{"line":91,"column":0},"end":{"line":91,"column":62}},"92":{"start":{"line":93,"column":0},"end":{"line":93,"column":104}},"93":{"start":{"line":94,"column":0},"end":{"line":94,"column":65}},"95":{"start":{"line":96,"column":0},"end":{"line":96,"column":64}},"98":{"start":{"line":99,"column":0},"end":{"line":99,"column":24}},"99":{"start":{"line":100,"column":0},"end":{"line":100,"column":32}},"100":{"start":{"line":101,"column":0},"end":{"line":101,"column":15}},"101":{"start":{"line":102,"column":0},"end":{"line":102,"column":21}},"102":{"start":{"line":103,"column":0},"end":{"line":103,"column":45}},"103":{"start":{"line":104,"column":0},"end":{"line":104,"column":67}},"104":{"start":{"line":105,"column":0},"end":{"line":105,"column":15}},"105":{"start":{"line":106,"column":0},"end":{"line":106,"column":30}},"106":{"start":{"line":107,"column":0},"end":{"line":107,"column":5}},"107":{"start":{"line":108,"column":0},"end":{"line":108,"column":4}},"110":{"start":{"line":111,"column":0},"end":{"line":111,"column":43}},"111":{"start":{"line":112,"column":0},"end":{"line":112,"column":41}},"112":{"start":{"line":113,"column":0},"end":{"line":113,"column":13}},"113":{"start":{"line":114,"column":0},"end":{"line":114,"column":5}},"115":{"start":{"line":116,"column":0},"end":{"line":116,"column":9}},"117":{"start":{"line":118,"column":0},"end":{"line":118,"column":22}},"119":{"start":{"line":120,"column":0},"end":{"line":120,"column":21}},"120":{"start":{"line":121,"column":0},"end":{"line":121,"column":55}},"121":{"start":{"line":122,"column":0},"end":{"line":122,"column":5}},"122":{"start":{"line":123,"column":0},"end":{"line":123,"column":4}},"125":{"start":{"line":126,"column":0},"end":{"line":126,"column":55}},"126":{"start":{"line":127,"column":0},"end":{"line":127,"column":43}},"128":{"start":{"line":129,"column":0},"end":{"line":129,"column":9}},"129":{"start":{"line":130,"column":0},"end":{"line":130,"column":100}},"130":{"start":{"line":131,"column":0},"end":{"line":131,"column":32}},"131":{"start":{"line":132,"column":0},"end":{"line":132,"column":32}},"132":{"start":{"line":133,"column":0},"end":{"line":133,"column":15}},"133":{"start":{"line":134,"column":0},"end":{"line":134,"column":7}},"135":{"start":{"line":136,"column":0},"end":{"line":136,"column":59}},"136":{"start":{"line":137,"column":0},"end":{"line":137,"column":34}},"137":{"start":{"line":138,"column":0},"end":{"line":138,"column":76}},"139":{"start":{"line":140,"column":0},"end":{"line":140,"column":37}},"140":{"start":{"line":141,"column":0},"end":{"line":141,"column":15}},"141":{"start":{"line":142,"column":0},"end":{"line":142,"column":7}},"143":{"start":{"line":144,"column":0},"end":{"line":144,"column":89}},"144":{"start":{"line":145,"column":0},"end":{"line":145,"column":21}},"145":{"start":{"line":146,"column":0},"end":{"line":146,"column":9}},"147":{"start":{"line":148,"column":0},"end":{"line":148,"column":43}},"148":{"start":{"line":149,"column":0},"end":{"line":149,"column":21}},"149":{"start":{"line":150,"column":0},"end":{"line":150,"column":58}},"150":{"start":{"line":151,"column":0},"end":{"line":151,"column":64}},"151":{"start":{"line":152,"column":0},"end":{"line":152,"column":5}},"152":{"start":{"line":153,"column":0},"end":{"line":153,"column":4}},"155":{"start":{"line":156,"column":0},"end":{"line":156,"column":43}},"156":{"start":{"line":157,"column":0},"end":{"line":157,"column":9}},"157":{"start":{"line":158,"column":0},"end":{"line":158,"column":27}},"160":{"start":{"line":161,"column":0},"end":{"line":161,"column":54}},"161":{"start":{"line":162,"column":0},"end":{"line":162,"column":48}},"162":{"start":{"line":163,"column":0},"end":{"line":163,"column":60}},"163":{"start":{"line":164,"column":0},"end":{"line":164,"column":15}},"164":{"start":{"line":165,"column":0},"end":{"line":165,"column":7}},"166":{"start":{"line":167,"column":0},"end":{"line":167,"column":27}},"167":{"start":{"line":168,"column":0},"end":{"line":168,"column":31}},"168":{"start":{"line":169,"column":0},"end":{"line":169,"column":32}},"169":{"start":{"line":170,"column":0},"end":{"line":170,"column":9}},"171":{"start":{"line":172,"column":0},"end":{"line":172,"column":25}},"172":{"start":{"line":173,"column":0},"end":{"line":173,"column":21}},"173":{"start":{"line":174,"column":0},"end":{"line":174,"column":53}},"174":{"start":{"line":175,"column":0},"end":{"line":175,"column":64}},"175":{"start":{"line":176,"column":0},"end":{"line":176,"column":5}},"176":{"start":{"line":177,"column":0},"end":{"line":177,"column":4}},"179":{"start":{"line":180,"column":0},"end":{"line":180,"column":43}},"180":{"start":{"line":181,"column":0},"end":{"line":181,"column":9}},"181":{"start":{"line":182,"column":0},"end":{"line":182,"column":40}},"182":{"start":{"line":183,"column":0},"end":{"line":183,"column":35}},"183":{"start":{"line":184,"column":0},"end":{"line":184,"column":21}},"184":{"start":{"line":185,"column":0},"end":{"line":185,"column":56}},"185":{"start":{"line":186,"column":0},"end":{"line":186,"column":22}},"186":{"start":{"line":187,"column":0},"end":{"line":187,"column":5}},"187":{"start":{"line":188,"column":0},"end":{"line":188,"column":4}},"189":{"start":{"line":190,"column":0},"end":{"line":190,"column":16}},"190":{"start":{"line":191,"column":0},"end":{"line":191,"column":12}},"191":{"start":{"line":192,"column":0},"end":{"line":192,"column":44}},"192":{"start":{"line":193,"column":0},"end":{"line":193,"column":77}},"193":{"start":{"line":194,"column":0},"end":{"line":194,"column":12}},"195":{"start":{"line":196,"column":0},"end":{"line":196,"column":3}},"197":{"start":{"line":198,"column":0},"end":{"line":198,"column":14}},"198":{"start":{"line":199,"column":0},"end":{"line":199,"column":12}},"199":{"start":{"line":200,"column":0},"end":{"line":200,"column":42}},"200":{"start":{"line":201,"column":0},"end":{"line":201,"column":22}},"201":{"start":{"line":202,"column":0},"end":{"line":202,"column":22}},"202":{"start":{"line":203,"column":0},"end":{"line":203,"column":12}},"204":{"start":{"line":205,"column":0},"end":{"line":205,"column":3}},"206":{"start":{"line":207,"column":0},"end":{"line":207,"column":14}},"207":{"start":{"line":208,"column":0},"end":{"line":208,"column":12}},"208":{"start":{"line":209,"column":0},"end":{"line":209,"column":42}},"209":{"start":{"line":210,"column":0},"end":{"line":210,"column":34}},"210":{"start":{"line":211,"column":0},"end":{"line":211,"column":50}},"211":{"start":{"line":212,"column":0},"end":{"line":212,"column":12}},"213":{"start":{"line":214,"column":0},"end":{"line":214,"column":3}},"215":{"start":{"line":216,"column":0},"end":{"line":216,"column":71}},"216":{"start":{"line":217,"column":0},"end":{"line":217,"column":102}},"217":{"start":{"line":218,"column":0},"end":{"line":218,"column":106}},"219":{"start":{"line":220,"column":0},"end":{"line":220,"column":10}},"220":{"start":{"line":221,"column":0},"end":{"line":221,"column":47}},"221":{"start":{"line":222,"column":0},"end":{"line":222,"column":41}},"222":{"start":{"line":223,"column":0},"end":{"line":223,"column":35}},"225":{"start":{"line":226,"column":0},"end":{"line":226,"column":61}},"226":{"start":{"line":227,"column":0},"end":{"line":227,"column":38}},"227":{"start":{"line":228,"column":0},"end":{"line":228,"column":40}},"228":{"start":{"line":229,"column":0},"end":{"line":229,"column":25}},"229":{"start":{"line":230,"column":0},"end":{"line":230,"column":44}},"230":{"start":{"line":231,"column":0},"end":{"line":231,"column":44}},"231":{"start":{"line":232,"column":0},"end":{"line":232,"column":60}},"232":{"start":{"line":233,"column":0},"end":{"line":233,"column":24}},"233":{"start":{"line":234,"column":0},"end":{"line":234,"column":29}},"234":{"start":{"line":235,"column":0},"end":{"line":235,"column":31}},"235":{"start":{"line":236,"column":0},"end":{"line":236,"column":44}},"236":{"start":{"line":237,"column":0},"end":{"line":237,"column":97}},"237":{"start":{"line":238,"column":0},"end":{"line":238,"column":65}},"238":{"start":{"line":239,"column":0},"end":{"line":239,"column":20}},"239":{"start":{"line":240,"column":0},"end":{"line":240,"column":98}},"240":{"start":{"line":241,"column":0},"end":{"line":241,"column":22}},"241":{"start":{"line":242,"column":0},"end":{"line":242,"column":44}},"242":{"start":{"line":243,"column":0},"end":{"line":243,"column":54}},"243":{"start":{"line":244,"column":0},"end":{"line":244,"column":24}},"244":{"start":{"line":245,"column":0},"end":{"line":245,"column":30}},"245":{"start":{"line":246,"column":0},"end":{"line":246,"column":32}},"246":{"start":{"line":247,"column":0},"end":{"line":247,"column":45}},"247":{"start":{"line":248,"column":0},"end":{"line":248,"column":98}},"248":{"start":{"line":249,"column":0},"end":{"line":249,"column":66}},"249":{"start":{"line":250,"column":0},"end":{"line":250,"column":20}},"250":{"start":{"line":251,"column":0},"end":{"line":251,"column":100}},"251":{"start":{"line":252,"column":0},"end":{"line":252,"column":22}},"252":{"start":{"line":253,"column":0},"end":{"line":253,"column":100}},"253":{"start":{"line":254,"column":0},"end":{"line":254,"column":49}},"254":{"start":{"line":255,"column":0},"end":{"line":255,"column":97}},"255":{"start":{"line":256,"column":0},"end":{"line":256,"column":106}},"256":{"start":{"line":257,"column":0},"end":{"line":257,"column":22}},"257":{"start":{"line":258,"column":0},"end":{"line":258,"column":20}},"259":{"start":{"line":260,"column":0},"end":{"line":260,"column":47}},"260":{"start":{"line":261,"column":0},"end":{"line":261,"column":47}},"261":{"start":{"line":262,"column":0},"end":{"line":262,"column":46}},"262":{"start":{"line":263,"column":0},"end":{"line":263,"column":84}},"263":{"start":{"line":264,"column":0},"end":{"line":264,"column":22}},"264":{"start":{"line":265,"column":0},"end":{"line":265,"column":47}},"265":{"start":{"line":266,"column":0},"end":{"line":266,"column":39}},"266":{"start":{"line":267,"column":0},"end":{"line":267,"column":82}},"267":{"start":{"line":268,"column":0},"end":{"line":268,"column":22}},"268":{"start":{"line":269,"column":0},"end":{"line":269,"column":47}},"269":{"start":{"line":270,"column":0},"end":{"line":270,"column":49}},"270":{"start":{"line":271,"column":0},"end":{"line":271,"column":132}},"271":{"start":{"line":272,"column":0},"end":{"line":272,"column":22}},"272":{"start":{"line":273,"column":0},"end":{"line":273,"column":49}},"273":{"start":{"line":274,"column":0},"end":{"line":274,"column":49}},"274":{"start":{"line":275,"column":0},"end":{"line":275,"column":46}},"275":{"start":{"line":276,"column":0},"end":{"line":276,"column":88}},"276":{"start":{"line":277,"column":0},"end":{"line":277,"column":24}},"278":{"start":{"line":279,"column":0},"end":{"line":279,"column":109}},"279":{"start":{"line":280,"column":0},"end":{"line":280,"column":20}},"281":{"start":{"line":282,"column":0},"end":{"line":282,"column":16}},"282":{"start":{"line":283,"column":0},"end":{"line":283,"column":18}},"285":{"start":{"line":286,"column":0},"end":{"line":286,"column":66}},"286":{"start":{"line":287,"column":0},"end":{"line":287,"column":31}},"287":{"start":{"line":288,"column":0},"end":{"line":288,"column":34}},"288":{"start":{"line":289,"column":0},"end":{"line":289,"column":83}},"289":{"start":{"line":290,"column":0},"end":{"line":290,"column":30}},"290":{"start":{"line":291,"column":0},"end":{"line":291,"column":47}},"291":{"start":{"line":292,"column":0},"end":{"line":292,"column":52}},"292":{"start":{"line":293,"column":0},"end":{"line":293,"column":58}},"293":{"start":{"line":294,"column":0},"end":{"line":294,"column":109}},"294":{"start":{"line":295,"column":0},"end":{"line":295,"column":50}},"295":{"start":{"line":296,"column":0},"end":{"line":296,"column":100}},"297":{"start":{"line":298,"column":0},"end":{"line":298,"column":20}},"299":{"start":{"line":300,"column":0},"end":{"line":300,"column":53}},"300":{"start":{"line":301,"column":0},"end":{"line":301,"column":38}},"301":{"start":{"line":302,"column":0},"end":{"line":302,"column":20}},"302":{"start":{"line":303,"column":0},"end":{"line":303,"column":98}},"303":{"start":{"line":304,"column":0},"end":{"line":304,"column":71}},"304":{"start":{"line":305,"column":0},"end":{"line":305,"column":21}},"305":{"start":{"line":306,"column":0},"end":{"line":306,"column":21}},"306":{"start":{"line":307,"column":0},"end":{"line":307,"column":20}},"308":{"start":{"line":309,"column":0},"end":{"line":309,"column":51}},"309":{"start":{"line":310,"column":0},"end":{"line":310,"column":36}},"310":{"start":{"line":311,"column":0},"end":{"line":311,"column":20}},"311":{"start":{"line":312,"column":0},"end":{"line":312,"column":119}},"312":{"start":{"line":313,"column":0},"end":{"line":313,"column":53}},"313":{"start":{"line":314,"column":0},"end":{"line":314,"column":21}},"314":{"start":{"line":315,"column":0},"end":{"line":315,"column":21}},"315":{"start":{"line":316,"column":0},"end":{"line":316,"column":20}},"317":{"start":{"line":318,"column":0},"end":{"line":318,"column":52}},"318":{"start":{"line":319,"column":0},"end":{"line":319,"column":47}},"319":{"start":{"line":320,"column":0},"end":{"line":320,"column":51}},"320":{"start":{"line":321,"column":0},"end":{"line":321,"column":44}},"321":{"start":{"line":322,"column":0},"end":{"line":322,"column":49}},"322":{"start":{"line":323,"column":0},"end":{"line":323,"column":29}},"323":{"start":{"line":324,"column":0},"end":{"line":324,"column":39}},"324":{"start":{"line":325,"column":0},"end":{"line":325,"column":75}},"325":{"start":{"line":326,"column":0},"end":{"line":326,"column":51}},"326":{"start":{"line":327,"column":0},"end":{"line":327,"column":23}},"327":{"start":{"line":328,"column":0},"end":{"line":328,"column":100}},"328":{"start":{"line":329,"column":0},"end":{"line":329,"column":31}},"329":{"start":{"line":330,"column":0},"end":{"line":330,"column":23}},"330":{"start":{"line":331,"column":0},"end":{"line":331,"column":24}},"333":{"start":{"line":334,"column":0},"end":{"line":334,"column":49}},"334":{"start":{"line":335,"column":0},"end":{"line":335,"column":53}},"335":{"start":{"line":336,"column":0},"end":{"line":336,"column":46}},"336":{"start":{"line":337,"column":0},"end":{"line":337,"column":51}},"337":{"start":{"line":338,"column":0},"end":{"line":338,"column":29}},"338":{"start":{"line":339,"column":0},"end":{"line":339,"column":39}},"339":{"start":{"line":340,"column":0},"end":{"line":340,"column":75}},"340":{"start":{"line":341,"column":0},"end":{"line":341,"column":53}},"341":{"start":{"line":342,"column":0},"end":{"line":342,"column":23}},"342":{"start":{"line":343,"column":0},"end":{"line":343,"column":102}},"343":{"start":{"line":344,"column":0},"end":{"line":344,"column":31}},"344":{"start":{"line":345,"column":0},"end":{"line":345,"column":23}},"345":{"start":{"line":346,"column":0},"end":{"line":346,"column":24}},"347":{"start":{"line":348,"column":0},"end":{"line":348,"column":20}},"348":{"start":{"line":349,"column":0},"end":{"line":349,"column":18}},"350":{"start":{"line":351,"column":0},"end":{"line":351,"column":93}},"352":{"start":{"line":353,"column":0},"end":{"line":353,"column":18}},"355":{"start":{"line":356,"column":0},"end":{"line":356,"column":60}},"356":{"start":{"line":357,"column":0},"end":{"line":357,"column":30}},"357":{"start":{"line":358,"column":0},"end":{"line":358,"column":76}},"359":{"start":{"line":360,"column":0},"end":{"line":360,"column":29}},"360":{"start":{"line":361,"column":0},"end":{"line":361,"column":45}},"361":{"start":{"line":362,"column":0},"end":{"line":362,"column":97}},"362":{"start":{"line":363,"column":0},"end":{"line":363,"column":90}},"363":{"start":{"line":364,"column":0},"end":{"line":364,"column":138}},"364":{"start":{"line":365,"column":0},"end":{"line":365,"column":115}},"365":{"start":{"line":366,"column":0},"end":{"line":366,"column":18}},"367":{"start":{"line":368,"column":0},"end":{"line":368,"column":19}},"368":{"start":{"line":369,"column":0},"end":{"line":369,"column":40}},"369":{"start":{"line":370,"column":0},"end":{"line":370,"column":38}},"370":{"start":{"line":371,"column":0},"end":{"line":371,"column":43}},"372":{"start":{"line":373,"column":0},"end":{"line":373,"column":62}},"373":{"start":{"line":374,"column":0},"end":{"line":374,"column":21}},"375":{"start":{"line":376,"column":0},"end":{"line":376,"column":18}},"378":{"start":{"line":379,"column":0},"end":{"line":379,"column":60}},"379":{"start":{"line":380,"column":0},"end":{"line":380,"column":30}},"380":{"start":{"line":381,"column":0},"end":{"line":381,"column":42}},"381":{"start":{"line":382,"column":0},"end":{"line":382,"column":19}},"382":{"start":{"line":383,"column":0},"end":{"line":383,"column":56}},"383":{"start":{"line":384,"column":0},"end":{"line":384,"column":40}},"384":{"start":{"line":385,"column":0},"end":{"line":385,"column":13}},"386":{"start":{"line":387,"column":0},"end":{"line":387,"column":21}},"387":{"start":{"line":388,"column":0},"end":{"line":388,"column":16}},"388":{"start":{"line":389,"column":0},"end":{"line":389,"column":18}},"391":{"start":{"line":392,"column":0},"end":{"line":392,"column":31}},"392":{"start":{"line":393,"column":0},"end":{"line":393,"column":85}},"393":{"start":{"line":394,"column":0},"end":{"line":394,"column":83}},"394":{"start":{"line":395,"column":0},"end":{"line":395,"column":42}},"395":{"start":{"line":396,"column":0},"end":{"line":396,"column":93}},"396":{"start":{"line":397,"column":0},"end":{"line":397,"column":61}},"397":{"start":{"line":398,"column":0},"end":{"line":398,"column":20}},"398":{"start":{"line":399,"column":0},"end":{"line":399,"column":27}},"399":{"start":{"line":400,"column":0},"end":{"line":400,"column":52}},"400":{"start":{"line":401,"column":0},"end":{"line":401,"column":41}},"401":{"start":{"line":402,"column":0},"end":{"line":402,"column":70}},"402":{"start":{"line":403,"column":0},"end":{"line":403,"column":48}},"403":{"start":{"line":404,"column":0},"end":{"line":404,"column":16}},"404":{"start":{"line":405,"column":0},"end":{"line":405,"column":45}},"405":{"start":{"line":406,"column":0},"end":{"line":406,"column":23}},"406":{"start":{"line":407,"column":0},"end":{"line":407,"column":47}},"407":{"start":{"line":408,"column":0},"end":{"line":408,"column":59}},"408":{"start":{"line":409,"column":0},"end":{"line":409,"column":44}},"409":{"start":{"line":410,"column":0},"end":{"line":410,"column":17}},"411":{"start":{"line":412,"column":0},"end":{"line":412,"column":25}},"412":{"start":{"line":413,"column":0},"end":{"line":413,"column":23}},"413":{"start":{"line":414,"column":0},"end":{"line":414,"column":34}},"414":{"start":{"line":415,"column":0},"end":{"line":415,"column":48}},"415":{"start":{"line":416,"column":0},"end":{"line":416,"column":45}},"416":{"start":{"line":417,"column":0},"end":{"line":417,"column":20}},"417":{"start":{"line":418,"column":0},"end":{"line":418,"column":47}},"418":{"start":{"line":419,"column":0},"end":{"line":419,"column":17}},"420":{"start":{"line":421,"column":0},"end":{"line":421,"column":25}},"421":{"start":{"line":422,"column":0},"end":{"line":422,"column":20}},"422":{"start":{"line":423,"column":0},"end":{"line":423,"column":18}},"423":{"start":{"line":424,"column":0},"end":{"line":424,"column":16}},"427":{"start":{"line":428,"column":0},"end":{"line":428,"column":30}},"428":{"start":{"line":429,"column":0},"end":{"line":429,"column":40}},"429":{"start":{"line":430,"column":0},"end":{"line":430,"column":46}},"430":{"start":{"line":431,"column":0},"end":{"line":431,"column":47}},"431":{"start":{"line":432,"column":0},"end":{"line":432,"column":28}},"432":{"start":{"line":433,"column":0},"end":{"line":433,"column":54}},"433":{"start":{"line":434,"column":0},"end":{"line":434,"column":10}},"434":{"start":{"line":435,"column":0},"end":{"line":435,"column":12}},"435":{"start":{"line":436,"column":0},"end":{"line":436,"column":11}},"437":{"start":{"line":438,"column":0},"end":{"line":438,"column":2}}},"s":{"0":1,"1":1,"2":1,"3":1,"4":1,"5":1,"6":1,"12":1,"13":66,"14":66,"15":66,"16":66,"17":66,"18":66,"19":66,"20":66,"21":66,"22":66,"23":66,"24":66,"25":66,"26":66,"27":66,"30":66,"31":14,"32":14,"34":14,"35":14,"36":14,"37":14,"38":14,"39":0,"40":14,"41":14,"42":14,"43":14,"45":14,"46":66,"49":66,"50":14,"51":14,"52":14,"53":14,"54":14,"55":14,"56":66,"59":66,"60":14,"61":14,"62":0,"64":14,"65":0,"66":0,"67":0,"68":0,"69":14,"71":14,"72":14,"74":14,"75":66,"78":66,"79":1,"81":1,"82":1,"83":1,"85":1,"87":1,"90":1,"92":1,"93":1,"95":1,"98":1,"99":0,"100":1,"101":1,"102":0,"103":0,"104":1,"105":1,"106":1,"107":1,"110":66,"111":1,"112":0,"113":0,"115":1,"117":1,"119":1,"120":0,"121":0,"122":1,"125":66,"126":1,"128":1,"129":1,"130":1,"131":0,"132":0,"133":0,"135":1,"136":0,"137":1,"139":1,"140":0,"141":0,"143":1,"144":1,"145":1,"147":1,"148":1,"149":0,"150":0,"151":0,"152":1,"155":66,"156":1,"157":1,"160":1,"161":1,"162":1,"163":1,"164":1,"166":0,"167":0,"168":0,"169":0,"171":0,"172":0,"173":0,"174":0,"175":0,"176":1,"179":66,"180":0,"181":0,"182":0,"183":0,"184":0,"185":0,"186":0,"187":0,"189":66,"190":2,"191":2,"192":2,"193":2,"195":2,"197":66,"198":2,"199":2,"200":2,"201":2,"202":2,"204":2,"206":66,"207":0,"208":0,"209":0,"210":0,"211":0,"213":0,"215":62,"216":66,"217":66,"219":66,"220":66,"221":66,"222":66,"225":66,"226":66,"227":66,"228":66,"229":16,"230":16,"231":16,"232":16,"233":16,"234":16,"235":16,"236":16,"237":16,"238":16,"239":16,"240":16,"241":16,"242":16,"243":16,"244":16,"245":16,"246":16,"247":16,"248":16,"249":16,"250":16,"251":16,"252":16,"253":16,"254":16,"255":16,"256":16,"257":16,"259":46,"260":46,"261":46,"262":46,"263":46,"264":46,"265":46,"266":46,"267":46,"268":46,"269":46,"270":46,"271":46,"272":46,"273":2,"274":2,"275":2,"276":2,"278":46,"279":46,"281":66,"282":66,"285":66,"286":66,"287":66,"288":24,"289":38,"290":38,"291":38,"292":38,"293":38,"294":38,"295":37,"297":38,"299":38,"300":38,"301":38,"302":38,"303":76,"304":38,"305":38,"306":38,"308":38,"309":38,"310":38,"311":38,"312":38,"313":38,"314":38,"315":38,"317":38,"318":38,"319":3,"320":3,"321":3,"322":4,"323":4,"324":4,"325":4,"326":4,"327":4,"328":4,"329":3,"330":3,"333":38,"334":1,"335":1,"336":1,"337":2,"338":2,"339":2,"340":2,"341":2,"342":2,"343":2,"344":1,"345":1,"347":38,"348":38,"350":0,"352":66,"355":66,"356":66,"357":66,"359":66,"360":3,"361":3,"362":3,"363":3,"364":3,"365":3,"367":59,"368":59,"369":59,"370":59,"372":59,"373":59,"375":66,"378":66,"379":66,"380":66,"381":66,"382":66,"383":66,"384":66,"386":66,"387":66,"388":66,"391":66,"392":9,"393":9,"394":9,"395":9,"396":9,"397":9,"398":9,"399":9,"400":9,"401":9,"402":9,"403":9,"404":9,"405":9,"406":9,"407":9,"408":9,"409":9,"411":9,"412":9,"413":9,"414":0,"415":0,"416":0,"417":9,"418":9,"420":9,"421":9,"422":9,"423":9,"427":66,"428":66,"429":66,"430":66,"431":66,"432":66,"433":66,"434":66,"435":66,"437":66},"branchMap":{"0":{"type":"branch","line":13,"loc":{"start":{"line":13,"column":27},"end":{"line":438,"column":2}},"locations":[{"start":{"line":13,"column":27},"end":{"line":438,"column":2}}]},"1":{"type":"branch","line":190,"loc":{"start":{"line":190,"column":15},"end":{"line":196,"column":3}},"locations":[{"start":{"line":190,"column":15},"end":{"line":196,"column":3}}]},"2":{"type":"branch","line":196,"loc":{"start":{"line":196,"column":2},"end":{"line":198,"column":13}},"locations":[{"start":{"line":196,"column":2},"end":{"line":198,"column":13}}]},"3":{"type":"branch","line":198,"loc":{"start":{"line":198,"column":13},"end":{"line":205,"column":3}},"locations":[{"start":{"line":198,"column":13},"end":{"line":205,"column":3}}]},"4":{"type":"branch","line":205,"loc":{"start":{"line":205,"column":2},"end":{"line":207,"column":13}},"locations":[{"start":{"line":205,"column":2},"end":{"line":207,"column":13}}]},"5":{"type":"branch","line":207,"loc":{"start":{"line":207,"column":13},"end":{"line":214,"column":3}},"locations":[{"start":{"line":207,"column":13},"end":{"line":214,"column":3}}]},"6":{"type":"branch","line":214,"loc":{"start":{"line":214,"column":2},"end":{"line":217,"column":40}},"locations":[{"start":{"line":214,"column":2},"end":{"line":217,"column":40}}]},"7":{"type":"branch","line":217,"loc":{"start":{"line":217,"column":25},"end":{"line":217,"column":99}},"locations":[{"start":{"line":217,"column":25},"end":{"line":217,"column":99}}]},"8":{"type":"branch","line":217,"loc":{"start":{"line":217,"column":95},"end":{"line":217,"column":102}},"locations":[{"start":{"line":217,"column":95},"end":{"line":217,"column":102}}]},"9":{"type":"branch","line":218,"loc":{"start":{"line":218,"column":27},"end":{"line":218,"column":103}},"locations":[{"start":{"line":218,"column":27},"end":{"line":218,"column":103}}]},"10":{"type":"branch","line":218,"loc":{"start":{"line":218,"column":99},"end":{"line":218,"column":106}},"locations":[{"start":{"line":218,"column":99},"end":{"line":218,"column":106}}]},"11":{"type":"branch","line":229,"loc":{"start":{"line":229,"column":13},"end":{"line":258,"column":20}},"locations":[{"start":{"line":229,"column":13},"end":{"line":258,"column":20}}]},"12":{"type":"branch","line":238,"loc":{"start":{"line":238,"column":45},"end":{"line":238,"column":62}},"locations":[{"start":{"line":238,"column":45},"end":{"line":238,"column":62}}]},"13":{"type":"branch","line":240,"loc":{"start":{"line":240,"column":33},"end":{"line":240,"column":98}},"locations":[{"start":{"line":240,"column":33},"end":{"line":240,"column":98}}]},"14":{"type":"branch","line":249,"loc":{"start":{"line":249,"column":45},"end":{"line":249,"column":63}},"locations":[{"start":{"line":249,"column":45},"end":{"line":249,"column":63}}]},"15":{"type":"branch","line":249,"loc":{"start":{"line":249,"column":53},"end":{"line":249,"column":66}},"locations":[{"start":{"line":249,"column":53},"end":{"line":249,"column":66}}]},"16":{"type":"branch","line":251,"loc":{"start":{"line":251,"column":33},"end":{"line":251,"column":100}},"locations":[{"start":{"line":251,"column":33},"end":{"line":251,"column":100}}]},"17":{"type":"branch","line":253,"loc":{"start":{"line":253,"column":31},"end":{"line":253,"column":100}},"locations":[{"start":{"line":253,"column":31},"end":{"line":253,"column":100}}]},"18":{"type":"branch","line":258,"loc":{"start":{"line":258,"column":14},"end":{"line":280,"column":20}},"locations":[{"start":{"line":258,"column":14},"end":{"line":280,"column":20}}]},"19":{"type":"branch","line":263,"loc":{"start":{"line":263,"column":42},"end":{"line":263,"column":67}},"locations":[{"start":{"line":263,"column":42},"end":{"line":263,"column":67}}]},"20":{"type":"branch","line":263,"loc":{"start":{"line":263,"column":55},"end":{"line":263,"column":77}},"locations":[{"start":{"line":263,"column":55},"end":{"line":263,"column":77}}]},"21":{"type":"branch","line":267,"loc":{"start":{"line":267,"column":30},"end":{"line":267,"column":65}},"locations":[{"start":{"line":267,"column":30},"end":{"line":267,"column":65}}]},"22":{"type":"branch","line":267,"loc":{"start":{"line":267,"column":56},"end":{"line":267,"column":75}},"locations":[{"start":{"line":267,"column":56},"end":{"line":267,"column":75}}]},"23":{"type":"branch","line":271,"loc":{"start":{"line":271,"column":111},"end":{"line":271,"column":125}},"locations":[{"start":{"line":271,"column":111},"end":{"line":271,"column":125}}]},"24":{"type":"branch","line":273,"loc":{"start":{"line":273,"column":34},"end":{"line":277,"column":24}},"locations":[{"start":{"line":273,"column":34},"end":{"line":277,"column":24}}]},"25":{"type":"branch","line":288,"loc":{"start":{"line":288,"column":11},"end":{"line":289,"column":83}},"locations":[{"start":{"line":288,"column":11},"end":{"line":289,"column":83}}]},"26":{"type":"branch","line":289,"loc":{"start":{"line":289,"column":77},"end":{"line":351,"column":93}},"locations":[{"start":{"line":289,"column":77},"end":{"line":351,"column":93}}]},"27":{"type":"branch","line":295,"loc":{"start":{"line":295,"column":30},"end":{"line":296,"column":100}},"locations":[{"start":{"line":295,"column":30},"end":{"line":296,"column":100}}]},"28":{"type":"branch","line":319,"loc":{"start":{"line":319,"column":41},"end":{"line":331,"column":24}},"locations":[{"start":{"line":319,"column":41},"end":{"line":331,"column":24}}]},"29":{"type":"branch","line":334,"loc":{"start":{"line":334,"column":43},"end":{"line":346,"column":24}},"locations":[{"start":{"line":334,"column":43},"end":{"line":346,"column":24}}]},"30":{"type":"branch","line":349,"loc":{"start":{"line":349,"column":12},"end":{"line":351,"column":93}},"locations":[{"start":{"line":349,"column":12},"end":{"line":351,"column":93}}]},"31":{"type":"branch","line":360,"loc":{"start":{"line":360,"column":11},"end":{"line":366,"column":18}},"locations":[{"start":{"line":360,"column":11},"end":{"line":366,"column":18}}]},"32":{"type":"branch","line":362,"loc":{"start":{"line":362,"column":41},"end":{"line":362,"column":97}},"locations":[{"start":{"line":362,"column":41},"end":{"line":362,"column":97}}]},"33":{"type":"branch","line":363,"loc":{"start":{"line":363,"column":41},"end":{"line":363,"column":90}},"locations":[{"start":{"line":363,"column":41},"end":{"line":363,"column":90}}]},"34":{"type":"branch","line":364,"loc":{"start":{"line":364,"column":41},"end":{"line":364,"column":138}},"locations":[{"start":{"line":364,"column":41},"end":{"line":364,"column":138}}]},"35":{"type":"branch","line":365,"loc":{"start":{"line":365,"column":41},"end":{"line":365,"column":115}},"locations":[{"start":{"line":365,"column":41},"end":{"line":365,"column":115}}]},"36":{"type":"branch","line":366,"loc":{"start":{"line":366,"column":12},"end":{"line":374,"column":21}},"locations":[{"start":{"line":366,"column":12},"end":{"line":374,"column":21}}]},"37":{"type":"branch","line":373,"loc":{"start":{"line":373,"column":15},"end":{"line":373,"column":48}},"locations":[{"start":{"line":373,"column":15},"end":{"line":373,"column":48}}]},"38":{"type":"branch","line":392,"loc":{"start":{"line":392,"column":9},"end":{"line":424,"column":16}},"locations":[{"start":{"line":392,"column":9},"end":{"line":424,"column":16}}]},"39":{"type":"branch","line":31,"loc":{"start":{"line":31,"column":12},"end":{"line":47,"column":5}},"locations":[{"start":{"line":31,"column":12},"end":{"line":47,"column":5}}]},"40":{"type":"branch","line":32,"loc":{"start":{"line":32,"column":29},"end":{"line":44,"column":6}},"locations":[{"start":{"line":32,"column":29},"end":{"line":44,"column":6}}]},"41":{"type":"branch","line":33,"loc":{"start":{"line":33,"column":21},"end":{"line":33,"column":28}},"locations":[{"start":{"line":33,"column":21},"end":{"line":33,"column":28}}]},"42":{"type":"branch","line":39,"loc":{"start":{"line":39,"column":6},"end":{"line":41,"column":8}},"locations":[{"start":{"line":39,"column":6},"end":{"line":41,"column":8}}]},"43":{"type":"branch","line":50,"loc":{"start":{"line":50,"column":12},"end":{"line":57,"column":5}},"locations":[{"start":{"line":50,"column":12},"end":{"line":57,"column":5}}]},"44":{"type":"branch","line":53,"loc":{"start":{"line":53,"column":31},"end":{"line":53,"column":56}},"locations":[{"start":{"line":53,"column":31},"end":{"line":53,"column":56}}]},"45":{"type":"branch","line":53,"loc":{"start":{"line":53,"column":44},"end":{"line":53,"column":59}},"locations":[{"start":{"line":53,"column":44},"end":{"line":53,"column":59}}]},"46":{"type":"branch","line":54,"loc":{"start":{"line":54,"column":20},"end":{"line":54,"column":55}},"locations":[{"start":{"line":54,"column":20},"end":{"line":54,"column":55}}]},"47":{"type":"branch","line":54,"loc":{"start":{"line":54,"column":46},"end":{"line":54,"column":57}},"locations":[{"start":{"line":54,"column":46},"end":{"line":54,"column":57}}]},"48":{"type":"branch","line":60,"loc":{"start":{"line":60,"column":12},"end":{"line":76,"column":5}},"locations":[{"start":{"line":60,"column":12},"end":{"line":76,"column":5}}]},"49":{"type":"branch","line":61,"loc":{"start":{"line":61,"column":32},"end":{"line":70,"column":6}},"locations":[{"start":{"line":61,"column":32},"end":{"line":70,"column":6}}]},"50":{"type":"branch","line":62,"loc":{"start":{"line":62,"column":76},"end":{"line":65,"column":43}},"locations":[{"start":{"line":62,"column":76},"end":{"line":65,"column":43}}]},"51":{"type":"branch","line":65,"loc":{"start":{"line":65,"column":43},"end":{"line":69,"column":7}},"locations":[{"start":{"line":65,"column":43},"end":{"line":69,"column":7}}]},"52":{"type":"branch","line":75,"loc":{"start":{"line":75,"column":11},"end":{"line":75,"column":41}},"locations":[{"start":{"line":75,"column":11},"end":{"line":75,"column":41}}]},"53":{"type":"branch","line":79,"loc":{"start":{"line":79,"column":27},"end":{"line":108,"column":4}},"locations":[{"start":{"line":79,"column":27},"end":{"line":108,"column":4}}]},"54":{"type":"branch","line":80,"loc":{"start":{"line":80,"column":19},"end":{"line":80,"column":26}},"locations":[{"start":{"line":80,"column":19},"end":{"line":80,"column":26}}]},"55":{"type":"branch","line":102,"loc":{"start":{"line":102,"column":4},"end":{"line":105,"column":6}},"locations":[{"start":{"line":102,"column":4},"end":{"line":105,"column":6}}]},"56":{"type":"branch","line":91,"loc":{"start":{"line":91,"column":24},"end":{"line":91,"column":60}},"locations":[{"start":{"line":91,"column":24},"end":{"line":91,"column":60}}]},"57":{"type":"branch","line":111,"loc":{"start":{"line":111,"column":30},"end":{"line":123,"column":4}},"locations":[{"start":{"line":111,"column":30},"end":{"line":123,"column":4}}]},"58":{"type":"branch","line":112,"loc":{"start":{"line":112,"column":40},"end":{"line":114,"column":5}},"locations":[{"start":{"line":112,"column":40},"end":{"line":114,"column":5}}]},"59":{"type":"branch","line":120,"loc":{"start":{"line":120,"column":4},"end":{"line":122,"column":5}},"locations":[{"start":{"line":120,"column":4},"end":{"line":122,"column":5}}]},"60":{"type":"branch","line":126,"loc":{"start":{"line":126,"column":35},"end":{"line":153,"column":4}},"locations":[{"start":{"line":126,"column":35},"end":{"line":153,"column":4}}]},"61":{"type":"branch","line":127,"loc":{"start":{"line":127,"column":36},"end":{"line":127,"column":43}},"locations":[{"start":{"line":127,"column":36},"end":{"line":127,"column":43}}]},"62":{"type":"branch","line":131,"loc":{"start":{"line":131,"column":31},"end":{"line":134,"column":7}},"locations":[{"start":{"line":131,"column":31},"end":{"line":134,"column":7}}]},"63":{"type":"branch","line":136,"loc":{"start":{"line":136,"column":49},"end":{"line":137,"column":34}},"locations":[{"start":{"line":136,"column":49},"end":{"line":137,"column":34}}]},"64":{"type":"branch","line":140,"loc":{"start":{"line":140,"column":36},"end":{"line":142,"column":7}},"locations":[{"start":{"line":140,"column":36},"end":{"line":142,"column":7}}]},"65":{"type":"branch","line":149,"loc":{"start":{"line":149,"column":4},"end":{"line":152,"column":5}},"locations":[{"start":{"line":149,"column":4},"end":{"line":152,"column":5}}]},"66":{"type":"branch","line":156,"loc":{"start":{"line":156,"column":30},"end":{"line":177,"column":4}},"locations":[{"start":{"line":156,"column":30},"end":{"line":177,"column":4}}]},"67":{"type":"branch","line":165,"loc":{"start":{"line":165,"column":6},"end":{"line":176,"column":5}},"locations":[{"start":{"line":165,"column":6},"end":{"line":176,"column":5}}]},"68":{"type":"branch","line":248,"loc":{"start":{"line":248,"column":30},"end":{"line":248,"column":98}},"locations":[{"start":{"line":248,"column":30},"end":{"line":248,"column":98}}]},"69":{"type":"branch","line":248,"loc":{"start":{"line":248,"column":52},"end":{"line":248,"column":96}},"locations":[{"start":{"line":248,"column":52},"end":{"line":248,"column":96}}]},"70":{"type":"branch","line":279,"loc":{"start":{"line":279,"column":33},"end":{"line":279,"column":58}},"locations":[{"start":{"line":279,"column":33},"end":{"line":279,"column":58}}]},"71":{"type":"branch","line":303,"loc":{"start":{"line":303,"column":86},"end":{"line":304,"column":71}},"locations":[{"start":{"line":303,"column":86},"end":{"line":304,"column":71}}]},"72":{"type":"branch","line":312,"loc":{"start":{"line":312,"column":100},"end":{"line":313,"column":53}},"locations":[{"start":{"line":312,"column":100},"end":{"line":313,"column":53}}]},"73":{"type":"branch","line":322,"loc":{"start":{"line":322,"column":40},"end":{"line":329,"column":31}},"locations":[{"start":{"line":322,"column":40},"end":{"line":329,"column":31}}]},"74":{"type":"branch","line":325,"loc":{"start":{"line":325,"column":33},"end":{"line":325,"column":75}},"locations":[{"start":{"line":325,"column":33},"end":{"line":325,"column":75}}]},"75":{"type":"branch","line":337,"loc":{"start":{"line":337,"column":42},"end":{"line":344,"column":31}},"locations":[{"start":{"line":337,"column":42},"end":{"line":344,"column":31}}]},"76":{"type":"branch","line":383,"loc":{"start":{"line":383,"column":23},"end":{"line":383,"column":56}},"locations":[{"start":{"line":383,"column":23},"end":{"line":383,"column":56}}]},"77":{"type":"branch","line":394,"loc":{"start":{"line":394,"column":57},"end":{"line":394,"column":83}},"locations":[{"start":{"line":394,"column":57},"end":{"line":394,"column":83}}]},"78":{"type":"branch","line":402,"loc":{"start":{"line":402,"column":26},"end":{"line":402,"column":70}},"locations":[{"start":{"line":402,"column":26},"end":{"line":402,"column":70}}]}},"b":{"0":[66],"1":[2],"2":[64],"3":[2],"4":[62],"5":[0],"6":[62],"7":[38],"8":[24],"9":[38],"10":[24],"11":[16],"12":[0],"13":[0],"14":[1],"15":[15],"16":[1],"17":[0],"18":[46],"19":[0],"20":[0],"21":[0],"22":[0],"23":[0],"24":[2],"25":[24],"26":[38],"27":[37],"28":[3],"29":[1],"30":[0],"31":[3],"32":[1],"33":[1],"34":[1],"35":[0],"36":[59],"37":[0],"38":[9],"39":[14],"40":[14],"41":[0],"42":[0],"43":[14],"44":[0],"45":[0],"46":[0],"47":[0],"48":[14],"49":[14],"50":[0],"51":[0],"52":[14],"53":[1],"54":[0],"55":[0],"56":[1],"57":[1],"58":[0],"59":[0],"60":[1],"61":[0],"62":[0],"63":[0],"64":[0],"65":[0],"66":[1],"67":[0],"68":[14],"69":[14],"70":[1],"71":[76],"72":[38],"73":[4],"74":[1],"75":[2],"76":[3],"77":[2],"78":[6]},"fnMap":{"0":{"name":"AccountPage","decl":{"start":{"line":13,"column":27},"end":{"line":438,"column":2}},"loc":{"start":{"line":13,"column":27},"end":{"line":438,"column":2}},"line":13},"1":{"name":"loadSubscription","decl":{"start":{"line":32,"column":29},"end":{"line":44,"column":6}},"loc":{"start":{"line":32,"column":29},"end":{"line":44,"column":6}},"line":32},"2":{"name":"checkSessionTimeout","decl":{"start":{"line":61,"column":32},"end":{"line":70,"column":6}},"loc":{"start":{"line":61,"column":32},"end":{"line":70,"column":6}},"line":61},"3":{"name":"handleExportData","decl":{"start":{"line":79,"column":27},"end":{"line":108,"column":4}},"loc":{"start":{"line":79,"column":27},"end":{"line":108,"column":4}},"line":79},"4":{"name":"handleDeleteAccount","decl":{"start":{"line":111,"column":30},"end":{"line":123,"column":4}},"loc":{"start":{"line":111,"column":30},"end":{"line":123,"column":4}},"line":111},"5":{"name":"handleSubscriptionChange","decl":{"start":{"line":126,"column":35},"end":{"line":153,"column":4}},"loc":{"start":{"line":126,"column":35},"end":{"line":153,"column":4}},"line":126},"6":{"name":"handleProfileUpdate","decl":{"start":{"line":156,"column":30},"end":{"line":177,"column":4}},"loc":{"start":{"line":156,"column":30},"end":{"line":177,"column":4}},"line":156},"7":{"name":"handleExtendSession","decl":{"start":{"line":180,"column":30},"end":{"line":188,"column":4}},"loc":{"start":{"line":180,"column":30},"end":{"line":188,"column":4}},"line":180},"8":{"name":"onChange","decl":{"start":{"line":237,"column":30},"end":{"line":237,"column":97}},"loc":{"start":{"line":237,"column":30},"end":{"line":237,"column":97}},"line":237},"9":{"name":"onChange","decl":{"start":{"line":248,"column":30},"end":{"line":248,"column":98}},"loc":{"start":{"line":248,"column":30},"end":{"line":248,"column":98}},"line":248},"10":{"name":"onClick","decl":{"start":{"line":256,"column":35},"end":{"line":256,"column":61}},"loc":{"start":{"line":256,"column":35},"end":{"line":256,"column":61}},"line":256},"11":{"name":"onClick","decl":{"start":{"line":279,"column":33},"end":{"line":279,"column":58}},"loc":{"start":{"line":279,"column":33},"end":{"line":279,"column":58}},"line":279},"12":{"name":"onClick","decl":{"start":{"line":325,"column":33},"end":{"line":325,"column":75}},"loc":{"start":{"line":325,"column":33},"end":{"line":325,"column":75}},"line":325},"13":{"name":"onClick","decl":{"start":{"line":340,"column":33},"end":{"line":340,"column":75}},"loc":{"start":{"line":340,"column":33},"end":{"line":340,"column":75}},"line":340},"14":{"name":"onClick","decl":{"start":{"line":383,"column":23},"end":{"line":383,"column":56}},"loc":{"start":{"line":383,"column":23},"end":{"line":383,"column":56}},"line":383},"15":{"name":"onClick","decl":{"start":{"line":393,"column":50},"end":{"line":393,"column":85}},"loc":{"start":{"line":393,"column":50},"end":{"line":393,"column":85}},"line":393},"16":{"name":"onClick","decl":{"start":{"line":394,"column":57},"end":{"line":394,"column":83}},"loc":{"start":{"line":394,"column":57},"end":{"line":394,"column":83}},"line":394},"17":{"name":"onChange","decl":{"start":{"line":402,"column":26},"end":{"line":402,"column":70}},"loc":{"start":{"line":402,"column":26},"end":{"line":402,"column":70}},"line":402},"18":{"name":"onClick","decl":{"start":{"line":414,"column":27},"end":{"line":417,"column":20}},"loc":{"start":{"line":414,"column":27},"end":{"line":417,"column":20}},"line":414},"19":{"name":"onClose","decl":{"start":{"line":433,"column":19},"end":{"line":433,"column":54}},"loc":{"start":{"line":433,"column":19},"end":{"line":433,"column":54}},"line":433}},"f":{"0":66,"1":14,"2":14,"3":1,"4":1,"5":1,"6":1,"7":0,"8":0,"9":14,"10":0,"11":1,"12":1,"13":0,"14":3,"15":0,"16":2,"17":6,"18":0,"19":0}}
,"/Users/JimBarrows/projects.nosync/TravellerRPG/ui-player/src/features/auth/components/LoginForm.jsx": {"path":"/Users/JimBarrows/projects.nosync/TravellerRPG/ui-player/src/features/auth/components/LoginForm.jsx","all":true,"statementMap":{"0":{"start":{"line":1,"column":0},"end":{"line":1,"column":40}},"1":{"start":{"line":2,"column":0},"end":{"line":2,"column":53}},"2":{"start":{"line":3,"column":0},"end":{"line":3,"column":49}},"3":{"start":{"line":4,"column":0},"end":{"line":4,"column":9}},"11":{"start":{"line":12,"column":0},"end":{"line":12,"column":32}},"12":{"start":{"line":13,"column":0},"end":{"line":13,"column":33}},"13":{"start":{"line":14,"column":0},"end":{"line":14,"column":64}},"15":{"start":{"line":16,"column":0},"end":{"line":16,"column":44}},"16":{"start":{"line":17,"column":0},"end":{"line":17,"column":14}},"17":{"start":{"line":18,"column":0},"end":{"line":18,"column":17}},"18":{"start":{"line":19,"column":0},"end":{"line":19,"column":21}},"19":{"start":{"line":20,"column":0},"end":{"line":20,"column":5}},"21":{"start":{"line":22,"column":0},"end":{"line":22,"column":43}},"22":{"start":{"line":23,"column":0},"end":{"line":23,"column":58}},"23":{"start":{"line":24,"column":0},"end":{"line":24,"column":60}},"24":{"start":{"line":25,"column":0},"end":{"line":25,"column":51}},"25":{"start":{"line":26,"column":0},"end":{"line":26,"column":55}},"26":{"start":{"line":27,"column":0},"end":{"line":27,"column":55}},"28":{"start":{"line":29,"column":0},"end":{"line":29,"column":30}},"29":{"start":{"line":30,"column":0},"end":{"line":30,"column":51}},"30":{"start":{"line":31,"column":0},"end":{"line":31,"column":33}},"31":{"start":{"line":32,"column":0},"end":{"line":32,"column":30}},"32":{"start":{"line":33,"column":0},"end":{"line":33,"column":4}},"34":{"start":{"line":35,"column":0},"end":{"line":35,"column":31}},"35":{"start":{"line":36,"column":0},"end":{"line":36,"column":52}},"36":{"start":{"line":37,"column":0},"end":{"line":37,"column":26}},"37":{"start":{"line":38,"column":0},"end":{"line":38,"column":14}},"38":{"start":{"line":39,"column":0},"end":{"line":39,"column":51}},"39":{"start":{"line":40,"column":0},"end":{"line":40,"column":8}},"42":{"start":{"line":43,"column":0},"end":{"line":43,"column":23}},"43":{"start":{"line":44,"column":0},"end":{"line":44,"column":53}},"44":{"start":{"line":45,"column":0},"end":{"line":45,"column":5}},"45":{"start":{"line":46,"column":0},"end":{"line":46,"column":24}},"46":{"start":{"line":47,"column":0},"end":{"line":47,"column":4}},"48":{"start":{"line":49,"column":0},"end":{"line":49,"column":37}},"49":{"start":{"line":50,"column":0},"end":{"line":50,"column":23}},"51":{"start":{"line":52,"column":0},"end":{"line":52,"column":26}},"52":{"start":{"line":53,"column":0},"end":{"line":53,"column":13}},"53":{"start":{"line":54,"column":0},"end":{"line":54,"column":5}},"55":{"start":{"line":56,"column":0},"end":{"line":56,"column":26}},"56":{"start":{"line":57,"column":0},"end":{"line":57,"column":24}},"58":{"start":{"line":59,"column":0},"end":{"line":59,"column":9}},"59":{"start":{"line":60,"column":0},"end":{"line":60,"column":90}},"61":{"start":{"line":62,"column":0},"end":{"line":62,"column":30}},"62":{"start":{"line":63,"column":0},"end":{"line":63,"column":51}},"63":{"start":{"line":64,"column":0},"end":{"line":64,"column":71}},"64":{"start":{"line":65,"column":0},"end":{"line":65,"column":75}},"65":{"start":{"line":66,"column":0},"end":{"line":66,"column":9}},"66":{"start":{"line":67,"column":0},"end":{"line":67,"column":31}},"67":{"start":{"line":68,"column":0},"end":{"line":68,"column":7}},"68":{"start":{"line":69,"column":0},"end":{"line":69,"column":21}},"69":{"start":{"line":70,"column":0},"end":{"line":70,"column":45}},"70":{"start":{"line":71,"column":0},"end":{"line":71,"column":70}},"71":{"start":{"line":72,"column":0},"end":{"line":72,"column":14}},"72":{"start":{"line":73,"column":0},"end":{"line":73,"column":70}},"73":{"start":{"line":74,"column":0},"end":{"line":74,"column":7}},"74":{"start":{"line":75,"column":0},"end":{"line":75,"column":15}},"75":{"start":{"line":76,"column":0},"end":{"line":76,"column":29}},"76":{"start":{"line":77,"column":0},"end":{"line":77,"column":5}},"77":{"start":{"line":78,"column":0},"end":{"line":78,"column":4}},"79":{"start":{"line":80,"column":0},"end":{"line":80,"column":44}},"80":{"start":{"line":81,"column":0},"end":{"line":81,"column":23}},"82":{"start":{"line":83,"column":0},"end":{"line":83,"column":61}},"83":{"start":{"line":84,"column":0},"end":{"line":84,"column":30}},"84":{"start":{"line":85,"column":0},"end":{"line":85,"column":87}},"85":{"start":{"line":86,"column":0},"end":{"line":86,"column":13}},"86":{"start":{"line":87,"column":0},"end":{"line":87,"column":5}},"88":{"start":{"line":89,"column":0},"end":{"line":89,"column":26}},"89":{"start":{"line":90,"column":0},"end":{"line":90,"column":24}},"91":{"start":{"line":92,"column":0},"end":{"line":92,"column":9}},"92":{"start":{"line":93,"column":0},"end":{"line":93,"column":47}},"93":{"start":{"line":94,"column":0},"end":{"line":94,"column":72}},"94":{"start":{"line":95,"column":0},"end":{"line":95,"column":24}},"95":{"start":{"line":96,"column":0},"end":{"line":96,"column":32}},"96":{"start":{"line":97,"column":0},"end":{"line":97,"column":26}},"97":{"start":{"line":98,"column":0},"end":{"line":98,"column":28}},"98":{"start":{"line":99,"column":0},"end":{"line":99,"column":15}},"99":{"start":{"line":100,"column":0},"end":{"line":100,"column":21}},"100":{"start":{"line":101,"column":0},"end":{"line":101,"column":69}},"101":{"start":{"line":102,"column":0},"end":{"line":102,"column":15}},"102":{"start":{"line":103,"column":0},"end":{"line":103,"column":29}},"103":{"start":{"line":104,"column":0},"end":{"line":104,"column":5}},"104":{"start":{"line":105,"column":0},"end":{"line":105,"column":4}},"106":{"start":{"line":107,"column":0},"end":{"line":107,"column":48}},"108":{"start":{"line":109,"column":0},"end":{"line":109,"column":68}},"109":{"start":{"line":110,"column":0},"end":{"line":110,"column":4}},"111":{"start":{"line":112,"column":0},"end":{"line":112,"column":43}},"113":{"start":{"line":114,"column":0},"end":{"line":114,"column":46}},"114":{"start":{"line":115,"column":0},"end":{"line":115,"column":4}},"116":{"start":{"line":117,"column":0},"end":{"line":117,"column":22}},"117":{"start":{"line":118,"column":0},"end":{"line":118,"column":12}},"118":{"start":{"line":119,"column":0},"end":{"line":119,"column":43}},"119":{"start":{"line":120,"column":0},"end":{"line":120,"column":67}},"120":{"start":{"line":121,"column":0},"end":{"line":121,"column":33}},"122":{"start":{"line":123,"column":0},"end":{"line":123,"column":38}},"123":{"start":{"line":124,"column":0},"end":{"line":124,"column":54}},"124":{"start":{"line":125,"column":0},"end":{"line":125,"column":18}},"125":{"start":{"line":126,"column":0},"end":{"line":126,"column":30}},"126":{"start":{"line":127,"column":0},"end":{"line":127,"column":26}},"127":{"start":{"line":128,"column":0},"end":{"line":128,"column":32}},"128":{"start":{"line":129,"column":0},"end":{"line":129,"column":61}},"129":{"start":{"line":130,"column":0},"end":{"line":130,"column":44}},"130":{"start":{"line":131,"column":0},"end":{"line":131,"column":37}},"131":{"start":{"line":132,"column":0},"end":{"line":132,"column":14}},"132":{"start":{"line":133,"column":0},"end":{"line":133,"column":16}},"134":{"start":{"line":135,"column":0},"end":{"line":135,"column":28}},"135":{"start":{"line":136,"column":0},"end":{"line":136,"column":97}},"136":{"start":{"line":137,"column":0},"end":{"line":137,"column":28}},"137":{"start":{"line":138,"column":0},"end":{"line":138,"column":18}},"140":{"start":{"line":141,"column":0},"end":{"line":141,"column":40}},"141":{"start":{"line":142,"column":0},"end":{"line":142,"column":20}},"142":{"start":{"line":143,"column":0},"end":{"line":143,"column":28}},"143":{"start":{"line":144,"column":0},"end":{"line":144,"column":37}},"144":{"start":{"line":145,"column":0},"end":{"line":145,"column":37}},"146":{"start":{"line":147,"column":0},"end":{"line":147,"column":63}},"147":{"start":{"line":148,"column":0},"end":{"line":148,"column":21}},"148":{"start":{"line":149,"column":0},"end":{"line":149,"column":20}},"149":{"start":{"line":150,"column":0},"end":{"line":150,"column":27}},"150":{"start":{"line":151,"column":0},"end":{"line":151,"column":53}},"151":{"start":{"line":152,"column":0},"end":{"line":152,"column":39}},"152":{"start":{"line":153,"column":0},"end":{"line":153,"column":13}},"154":{"start":{"line":155,"column":0},"end":{"line":155,"column":21}},"155":{"start":{"line":156,"column":0},"end":{"line":156,"column":16}},"156":{"start":{"line":157,"column":0},"end":{"line":157,"column":15}},"157":{"start":{"line":158,"column":0},"end":{"line":158,"column":12}},"159":{"start":{"line":160,"column":0},"end":{"line":160,"column":3}},"161":{"start":{"line":162,"column":0},"end":{"line":162,"column":10}},"162":{"start":{"line":163,"column":0},"end":{"line":163,"column":41}},"163":{"start":{"line":164,"column":0},"end":{"line":164,"column":58}},"164":{"start":{"line":165,"column":0},"end":{"line":165,"column":24}},"166":{"start":{"line":167,"column":0},"end":{"line":167,"column":36}},"167":{"start":{"line":168,"column":0},"end":{"line":168,"column":46}},"168":{"start":{"line":169,"column":0},"end":{"line":169,"column":16}},"169":{"start":{"line":170,"column":0},"end":{"line":170,"column":22}},"170":{"start":{"line":171,"column":0},"end":{"line":171,"column":24}},"171":{"start":{"line":172,"column":0},"end":{"line":172,"column":24}},"172":{"start":{"line":173,"column":0},"end":{"line":173,"column":34}},"173":{"start":{"line":174,"column":0},"end":{"line":174,"column":35}},"174":{"start":{"line":175,"column":0},"end":{"line":175,"column":42}},"175":{"start":{"line":176,"column":0},"end":{"line":176,"column":35}},"176":{"start":{"line":177,"column":0},"end":{"line":177,"column":41}},"177":{"start":{"line":178,"column":0},"end":{"line":178,"column":71}},"178":{"start":{"line":179,"column":0},"end":{"line":179,"column":12}},"179":{"start":{"line":180,"column":0},"end":{"line":180,"column":28}},"180":{"start":{"line":181,"column":0},"end":{"line":181,"column":59}},"181":{"start":{"line":182,"column":0},"end":{"line":182,"column":28}},"182":{"start":{"line":183,"column":0},"end":{"line":183,"column":19}},"184":{"start":{"line":185,"column":0},"end":{"line":185,"column":14}},"186":{"start":{"line":187,"column":0},"end":{"line":187,"column":36}},"187":{"start":{"line":188,"column":0},"end":{"line":188,"column":52}},"188":{"start":{"line":189,"column":0},"end":{"line":189,"column":16}},"189":{"start":{"line":190,"column":0},"end":{"line":190,"column":25}},"190":{"start":{"line":191,"column":0},"end":{"line":191,"column":27}},"191":{"start":{"line":192,"column":0},"end":{"line":192,"column":27}},"192":{"start":{"line":193,"column":0},"end":{"line":193,"column":37}},"193":{"start":{"line":194,"column":0},"end":{"line":194,"column":35}},"194":{"start":{"line":195,"column":0},"end":{"line":195,"column":45}},"195":{"start":{"line":196,"column":0},"end":{"line":196,"column":35}},"196":{"start":{"line":197,"column":0},"end":{"line":197,"column":44}},"197":{"start":{"line":198,"column":0},"end":{"line":198,"column":77}},"198":{"start":{"line":199,"column":0},"end":{"line":199,"column":12}},"199":{"start":{"line":200,"column":0},"end":{"line":200,"column":31}},"200":{"start":{"line":201,"column":0},"end":{"line":201,"column":62}},"201":{"start":{"line":202,"column":0},"end":{"line":202,"column":31}},"202":{"start":{"line":203,"column":0},"end":{"line":203,"column":19}},"204":{"start":{"line":205,"column":0},"end":{"line":205,"column":14}},"206":{"start":{"line":207,"column":0},"end":{"line":207,"column":51}},"207":{"start":{"line":208,"column":0},"end":{"line":208,"column":17}},"208":{"start":{"line":209,"column":0},"end":{"line":209,"column":18}},"209":{"start":{"line":210,"column":0},"end":{"line":210,"column":29}},"210":{"start":{"line":211,"column":0},"end":{"line":211,"column":31}},"211":{"start":{"line":212,"column":0},"end":{"line":212,"column":43}},"212":{"start":{"line":213,"column":0},"end":{"line":213,"column":37}},"213":{"start":{"line":214,"column":0},"end":{"line":214,"column":37}},"214":{"start":{"line":215,"column":0},"end":{"line":215,"column":14}},"216":{"start":{"line":217,"column":0},"end":{"line":217,"column":18}},"217":{"start":{"line":218,"column":0},"end":{"line":218,"column":14}},"219":{"start":{"line":220,"column":0},"end":{"line":220,"column":26}},"220":{"start":{"line":221,"column":0},"end":{"line":221,"column":41}},"221":{"start":{"line":222,"column":0},"end":{"line":222,"column":26}},"222":{"start":{"line":223,"column":0},"end":{"line":223,"column":49}},"223":{"start":{"line":224,"column":0},"end":{"line":224,"column":22}},"224":{"start":{"line":225,"column":0},"end":{"line":225,"column":29}},"225":{"start":{"line":226,"column":0},"end":{"line":226,"column":50}},"226":{"start":{"line":227,"column":0},"end":{"line":227,"column":36}},"227":{"start":{"line":228,"column":0},"end":{"line":228,"column":15}},"229":{"start":{"line":230,"column":0},"end":{"line":230,"column":23}},"231":{"start":{"line":232,"column":0},"end":{"line":232,"column":16}},"234":{"start":{"line":235,"column":0},"end":{"line":235,"column":16}},"235":{"start":{"line":236,"column":0},"end":{"line":236,"column":24}},"236":{"start":{"line":237,"column":0},"end":{"line":237,"column":44}},"237":{"start":{"line":238,"column":0},"end":{"line":238,"column":33}},"239":{"start":{"line":240,"column":0},"end":{"line":240,"column":54}},"240":{"start":{"line":241,"column":0},"end":{"line":241,"column":17}},"242":{"start":{"line":243,"column":0},"end":{"line":243,"column":36}},"243":{"start":{"line":244,"column":0},"end":{"line":244,"column":18}},"244":{"start":{"line":245,"column":0},"end":{"line":245,"column":25}},"245":{"start":{"line":246,"column":0},"end":{"line":246,"column":50}},"246":{"start":{"line":247,"column":0},"end":{"line":247,"column":32}},"247":{"start":{"line":248,"column":0},"end":{"line":248,"column":11}},"249":{"start":{"line":250,"column":0},"end":{"line":250,"column":19}},"250":{"start":{"line":251,"column":0},"end":{"line":251,"column":14}},"252":{"start":{"line":253,"column":0},"end":{"line":253,"column":33}},"253":{"start":{"line":254,"column":0},"end":{"line":254,"column":25}},"254":{"start":{"line":255,"column":0},"end":{"line":255,"column":14}},"256":{"start":{"line":257,"column":0},"end":{"line":257,"column":38}},"257":{"start":{"line":258,"column":0},"end":{"line":258,"column":17}},"258":{"start":{"line":259,"column":0},"end":{"line":259,"column":25}},"259":{"start":{"line":260,"column":0},"end":{"line":260,"column":55}},"260":{"start":{"line":261,"column":0},"end":{"line":261,"column":45}},"261":{"start":{"line":262,"column":0},"end":{"line":262,"column":35}},"262":{"start":{"line":263,"column":0},"end":{"line":263,"column":11}},"264":{"start":{"line":265,"column":0},"end":{"line":265,"column":19}},"265":{"start":{"line":266,"column":0},"end":{"line":266,"column":17}},"266":{"start":{"line":267,"column":0},"end":{"line":267,"column":25}},"267":{"start":{"line":268,"column":0},"end":{"line":268,"column":54}},"268":{"start":{"line":269,"column":0},"end":{"line":269,"column":44}},"269":{"start":{"line":270,"column":0},"end":{"line":270,"column":35}},"270":{"start":{"line":271,"column":0},"end":{"line":271,"column":11}},"272":{"start":{"line":273,"column":0},"end":{"line":273,"column":19}},"273":{"start":{"line":274,"column":0},"end":{"line":274,"column":14}},"275":{"start":{"line":276,"column":0},"end":{"line":276,"column":37}},"276":{"start":{"line":277,"column":0},"end":{"line":277,"column":13}},"277":{"start":{"line":278,"column":0},"end":{"line":278,"column":39}},"278":{"start":{"line":279,"column":0},"end":{"line":279,"column":47}},"279":{"start":{"line":280,"column":0},"end":{"line":280,"column":14}},"280":{"start":{"line":281,"column":0},"end":{"line":281,"column":14}},"281":{"start":{"line":282,"column":0},"end":{"line":282,"column":13}},"282":{"start":{"line":283,"column":0},"end":{"line":283,"column":10}},"284":{"start":{"line":285,"column":0},"end":{"line":285,"column":2}}},"s":{"0":0,"1":0,"2":0,"3":0,"11":0,"12":0,"13":0,"15":0,"16":0,"17":0,"18":0,"19":0,"21":0,"22":0,"23":0,"24":0,"25":0,"26":0,"28":0,"29":0,"30":0,"31":0,"32":0,"34":0,"35":0,"36":0,"37":0,"38":0,"39":0,"42":0,"43":0,"44":0,"45":0,"46":0,"48":0,"49":0,"51":0,"52":0,"53":0,"55":0,"56":0,"58":0,"59":0,"61":0,"62":0,"63":0,"64":0,"65":0,"66":0,"67":0,"68":0,"69":0,"70":0,"71":0,"72":0,"73":0,"74":0,"75":0,"76":0,"77":0,"79":0,"80":0,"82":0,"83":0,"84":0,"85":0,"86":0,"88":0,"89":0,"91":0,"92":0,"93":0,"94":0,"95":0,"96":0,"97":0,"98":0,"99":0,"100":0,"101":0,"102":0,"103":0,"104":0,"106":0,"108":0,"109":0,"111":0,"113":0,"114":0,"116":0,"117":0,"118":0,"119":0,"120":0,"122":0,"123":0,"124":0,"125":0,"126":0,"127":0,"128":0,"129":0,"130":0,"131":0,"132":0,"134":0,"135":0,"136":0,"137":0,"140":0,"141":0,"142":0,"143":0,"144":0,"146":0,"147":0,"148":0,"149":0,"150":0,"151":0,"152":0,"154":0,"155":0,"156":0,"157":0,"159":0,"161":0,"162":0,"163":0,"164":0,"166":0,"167":0,"168":0,"169":0,"170":0,"171":0,"172":0,"173":0,"174":0,"175":0,"176":0,"177":0,"178":0,"179":0,"180":0,"181":0,"182":0,"184":0,"186":0,"187":0,"188":0,"189":0,"190":0,"191":0,"192":0,"193":0,"194":0,"195":0,"196":0,"197":0,"198":0,"199":0,"200":0,"201":0,"202":0,"204":0,"206":0,"207":0,"208":0,"209":0,"210":0,"211":0,"212":0,"213":0,"214":0,"216":0,"217":0,"219":0,"220":0,"221":0,"222":0,"223":0,"224":0,"225":0,"226":0,"227":0,"229":0,"231":0,"234":0,"235":0,"236":0,"237":0,"239":0,"240":0,"242":0,"243":0,"244":0,"245":0,"246":0,"247":0,"249":0,"250":0,"252":0,"253":0,"254":0,"256":0,"257":0,"258":0,"259":0,"260":0,"261":0,"262":0,"264":0,"265":0,"266":0,"267":0,"268":0,"269":0,"270":0,"272":0,"273":0,"275":0,"276":0,"277":0,"278":0,"279":0,"280":0,"281":0,"282":0,"284":0},"branchMap":{"0":{"type":"branch","line":1,"loc":{"start":{"line":1,"column":8172},"end":{"line":285,"column":2}},"locations":[{"start":{"line":1,"column":8172},"end":{"line":285,"column":2}}]}},"b":{"0":[0]},"fnMap":{"0":{"name":"(empty-report)","decl":{"start":{"line":1,"column":8172},"end":{"line":285,"column":2}},"loc":{"start":{"line":1,"column":8172},"end":{"line":285,"column":2}},"line":1}},"f":{"0":0}}
,"/Users/JimBarrows/projects.nosync/TravellerRPG/ui-player/src/features/auth/components/PasswordStrengthIndicator.jsx": {"path":"/Users/JimBarrows/projects.nosync/TravellerRPG/ui-player/src/features/auth/components/PasswordStrengthIndicator.jsx","all":true,"statementMap":{"0":{"start":{"line":1,"column":0},"end":{"line":1,"column":26}},"1":{"start":{"line":2,"column":0},"end":{"line":2,"column":9}},"8":{"start":{"line":9,"column":0},"end":{"line":9,"column":44}},"9":{"start":{"line":10,"column":0},"end":{"line":10,"column":12}},"10":{"start":{"line":11,"column":0},"end":{"line":11,"column":19}},"11":{"start":{"line":12,"column":0},"end":{"line":12,"column":26}},"12":{"start":{"line":13,"column":0},"end":{"line":13,"column":22}},"13":{"start":{"line":14,"column":0},"end":{"line":14,"column":22}},"14":{"start":{"line":15,"column":0},"end":{"line":15,"column":7}},"15":{"start":{"line":16,"column":0},"end":{"line":16,"column":29}},"17":{"start":{"line":18,"column":0},"end":{"line":18,"column":66}},"18":{"start":{"line":19,"column":0},"end":{"line":19,"column":80}},"20":{"start":{"line":21,"column":0},"end":{"line":21,"column":10}},"21":{"start":{"line":22,"column":0},"end":{"line":22,"column":39}},"22":{"start":{"line":23,"column":0},"end":{"line":23,"column":24}},"23":{"start":{"line":24,"column":0},"end":{"line":24,"column":81}},"24":{"start":{"line":25,"column":0},"end":{"line":25,"column":15}},"25":{"start":{"line":26,"column":0},"end":{"line":26,"column":37}},"26":{"start":{"line":27,"column":0},"end":{"line":27,"column":47}},"27":{"start":{"line":28,"column":0},"end":{"line":28,"column":83}},"28":{"start":{"line":29,"column":0},"end":{"line":29,"column":12}},"29":{"start":{"line":30,"column":0},"end":{"line":30,"column":14}},"32":{"start":{"line":33,"column":0},"end":{"line":33,"column":24}},"33":{"start":{"line":34,"column":0},"end":{"line":34,"column":39}},"34":{"start":{"line":35,"column":0},"end":{"line":35,"column":42}},"35":{"start":{"line":36,"column":0},"end":{"line":36,"column":48}},"36":{"start":{"line":37,"column":0},"end":{"line":37,"column":17}},"37":{"start":{"line":38,"column":0},"end":{"line":38,"column":34}},"38":{"start":{"line":39,"column":0},"end":{"line":39,"column":41}},"39":{"start":{"line":40,"column":0},"end":{"line":40,"column":46}},"40":{"start":{"line":41,"column":0},"end":{"line":41,"column":19}},"42":{"start":{"line":43,"column":0},"end":{"line":43,"column":14}},"45":{"start":{"line":46,"column":0},"end":{"line":46,"column":28}},"46":{"start":{"line":47,"column":0},"end":{"line":47,"column":58}},"47":{"start":{"line":48,"column":0},"end":{"line":48,"column":79}},"48":{"start":{"line":49,"column":0},"end":{"line":49,"column":71}},"49":{"start":{"line":50,"column":0},"end":{"line":50,"column":62}},"50":{"start":{"line":51,"column":0},"end":{"line":51,"column":19}},"52":{"start":{"line":53,"column":0},"end":{"line":53,"column":15}},"53":{"start":{"line":54,"column":0},"end":{"line":54,"column":79}},"54":{"start":{"line":55,"column":0},"end":{"line":55,"column":71}},"55":{"start":{"line":56,"column":0},"end":{"line":56,"column":62}},"56":{"start":{"line":57,"column":0},"end":{"line":57,"column":19}},"58":{"start":{"line":59,"column":0},"end":{"line":59,"column":15}},"59":{"start":{"line":60,"column":0},"end":{"line":60,"column":79}},"60":{"start":{"line":61,"column":0},"end":{"line":61,"column":71}},"61":{"start":{"line":62,"column":0},"end":{"line":62,"column":62}},"62":{"start":{"line":63,"column":0},"end":{"line":63,"column":19}},"64":{"start":{"line":65,"column":0},"end":{"line":65,"column":15}},"65":{"start":{"line":66,"column":0},"end":{"line":66,"column":77}},"66":{"start":{"line":67,"column":0},"end":{"line":67,"column":71}},"67":{"start":{"line":68,"column":0},"end":{"line":68,"column":60}},"68":{"start":{"line":69,"column":0},"end"
[...]
umn":0},"end":{"line":57,"column":81}},"57":{"start":{"line":58,"column":0},"end":{"line":58,"column":44}},"58":{"start":{"line":59,"column":0},"end":{"line":59,"column":37}},"59":{"start":{"line":60,"column":0},"end":{"line":60,"column":1}},"61":{"start":{"line":62,"column":0},"end":{"line":62,"column":3}},"62":{"start":{"line":63,"column":0},"end":{"line":63,"column":42}},"63":{"start":{"line":64,"column":0},"end":{"line":64,"column":36}},"64":{"start":{"line":65,"column":0},"end":{"line":65,"column":60}},"65":{"start":{"line":66,"column":0},"end":{"line":66,"column":3}},"66":{"start":{"line":67,"column":0},"end":{"line":67,"column":43}},"67":{"start":{"line":68,"column":0},"end":{"line":68,"column":37}},"68":{"start":{"line":69,"column":0},"end":{"line":69,"column":33}},"69":{"start":{"line":70,"column":0},"end":{"line":70,"column":16}},"70":{"start":{"line":71,"column":0},"end":{"line":71,"column":3}},"72":{"start":{"line":73,"column":0},"end":{"line":73,"column":38}},"73":{"start":{"line":74,"column":0},"end":{"line":74,"column":1}},"75":{"start":{"line":76,"column":0},"end":{"line":76,"column":3}},"76":{"start":{"line":77,"column":0},"end":{"line":77,"column":74}},"77":{"start":{"line":78,"column":0},"end":{"line":78,"column":45}},"78":{"start":{"line":79,"column":0},"end":{"line":79,"column":82}},"79":{"start":{"line":80,"column":0},"end":{"line":80,"column":57}},"80":{"start":{"line":81,"column":0},"end":{"line":81,"column":3}},"81":{"start":{"line":82,"column":0},"end":{"line":82,"column":80}},"82":{"start":{"line":83,"column":0},"end":{"line":83,"column":29}},"83":{"start":{"line":84,"column":0},"end":{"line":84,"column":65}},"84":{"start":{"line":85,"column":0},"end":{"line":85,"column":3}},"86":{"start":{"line":87,"column":0},"end":{"line":87,"column":47}},"87":{"start":{"line":88,"column":0},"end":{"line":88,"column":20}},"88":{"start":{"line":89,"column":0},"end":{"line":89,"column":16}},"89":{"start":{"line":90,"column":0},"end":{"line":90,"column":3}},"91":{"start":{"line":92,"column":0},"end":{"line":92,"column":64}},"92":{"start":{"line":93,"column":0},"end":{"line":93,"column":42}},"93":{"start":{"line":94,"column":0},"end":{"line":94,"column":1}},"95":{"start":{"line":96,"column":0},"end":{"line":96,"column":3}},"96":{"start":{"line":97,"column":0},"end":{"line":97,"column":65}},"97":{"start":{"line":98,"column":0},"end":{"line":98,"column":42}},"98":{"start":{"line":99,"column":0},"end":{"line":99,"column":43}},"99":{"start":{"line":100,"column":0},"end":{"line":100,"column":3}},"100":{"start":{"line":101,"column":0},"end":{"line":101,"column":36}},"101":{"start":{"line":102,"column":0},"end":{"line":102,"column":7}},"102":{"start":{"line":103,"column":0},"end":{"line":103,"column":23}},"103":{"start":{"line":104,"column":0},"end":{"line":104,"column":19}},"104":{"start":{"line":105,"column":0},"end":{"line":105,"column":50}},"105":{"start":{"line":106,"column":0},"end":{"line":106,"column":16}},"106":{"start":{"line":107,"column":0},"end":{"line":107,"column":3}},"107":{"start":{"line":108,"column":0},"end":{"line":108,"column":1}},"109":{"start":{"line":110,"column":0},"end":{"line":110,"column":3}},"110":{"start":{"line":111,"column":0},"end":{"line":111,"column":37}},"111":{"start":{"line":112,"column":0},"end":{"line":112,"column":54}},"112":{"start":{"line":113,"column":0},"end":{"line":113,"column":36}},"113":{"start":{"line":114,"column":0},"end":{"line":114,"column":3}},"114":{"start":{"line":115,"column":0},"end":{"line":115,"column":49}},"115":{"start":{"line":116,"column":0},"end":{"line":116,"column":7}},"116":{"start":{"line":117,"column":0},"end":{"line":117,"column":24}},"117":{"start":{"line":118,"column":0},"end":{"line":118,"column":18}},"118":{"start":{"line":119,"column":0},"end":{"line":119,"column":5}},"119":{"start":{"line":120,"column":0},"end":{"line":120,"column":30}},"120":{"start":{"line":121,"column":0},"end":{"line":121,"column":19}},"121":{"start":{"line":122,"column":0},"end":{"line":122,"column":50}},"122":{"start":{"line":123,"column":0},"end":{"line":123,"column":16}},"123":{"start":{"line":124,"column":0},"end":{"line":124,"column":3}},"124":{"start":{"line":125,"column":0},"end":{"line":125,"column":1}},"126":{"start":{"line":127,"column":0},"end":{"line":127,"column":3}},"127":{"start":{"line":128,"column":0},"end":{"line":128,"column":41}},"128":{"start":{"line":129,"column":0},"end":{"line":129,"column":3}},"129":{"start":{"line":130,"column":0},"end":{"line":130,"column":33}},"130":{"start":{"line":131,"column":0},"end":{"line":131,"column":17}},"131":{"start":{"line":132,"column":0},"end":{"line":132,"column":31}},"132":{"start":{"line":133,"column":0},"end":{"line":133,"column":44}},"133":{"start":{"line":134,"column":0},"end":{"line":134,"column":3}},"135":{"start":{"line":136,"column":0},"end":{"line":136,"column":5}},"136":{"start":{"line":137,"column":0},"end":{"line":137,"column":46}},"137":{"start":{"line":138,"column":0},"end":{"line":138,"column":82}},"138":{"start":{"line":139,"column":0},"end":{"line":139,"column":85}},"139":{"start":{"line":140,"column":0},"end":{"line":140,"column":5}},"140":{"start":{"line":141,"column":0},"end":{"line":141,"column":47}},"141":{"start":{"line":142,"column":0},"end":{"line":142,"column":9}},"142":{"start":{"line":143,"column":0},"end":{"line":143,"column":65}},"143":{"start":{"line":144,"column":0},"end":{"line":144,"column":6}},"144":{"start":{"line":145,"column":0},"end":{"line":145,"column":31}},"145":{"start":{"line":146,"column":0},"end":{"line":146,"column":56}},"146":{"start":{"line":147,"column":0},"end":{"line":147,"column":22}},"147":{"start":{"line":148,"column":0},"end":{"line":148,"column":68}},"148":{"start":{"line":149,"column":0},"end":{"line":149,"column":9}},"149":{"start":{"line":150,"column":0},"end":{"line":150,"column":7}},"151":{"start":{"line":152,"column":0},"end":{"line":152,"column":32}},"152":{"start":{"line":153,"column":0},"end":{"line":153,"column":57}},"153":{"start":{"line":154,"column":0},"end":{"line":154,"column":22}},"154":{"start":{"line":155,"column":0},"end":{"line":155,"column":69}},"155":{"start":{"line":156,"column":0},"end":{"line":156,"column":9}},"156":{"start":{"line":157,"column":0},"end":{"line":157,"column":7}},"158":{"start":{"line":159,"column":0},"end":{"line":159,"column":27}},"159":{"start":{"line":160,"column":0},"end":{"line":160,"column":52}},"160":{"start":{"line":161,"column":0},"end":{"line":161,"column":22}},"161":{"start":{"line":162,"column":0},"end":{"line":162,"column":64}},"162":{"start":{"line":163,"column":0},"end":{"line":163,"column":9}},"163":{"start":{"line":164,"column":0},"end":{"line":164,"column":7}},"165":{"start":{"line":166,"column":0},"end":{"line":166,"column":23}},"166":{"start":{"line":167,"column":0},"end":{"line":167,"column":69}},"167":{"start":{"line":168,"column":0},"end":{"line":168,"column":7}},"169":{"start":{"line":170,"column":0},"end":{"line":170,"column":52}},"170":{"start":{"line":171,"column":0},"end":{"line":171,"column":21}},"171":{"start":{"line":172,"column":0},"end":{"line":172,"column":52}},"172":{"start":{"line":173,"column":0},"end":{"line":173,"column":18}},"173":{"start":{"line":174,"column":0},"end":{"line":174,"column":5}},"174":{"start":{"line":175,"column":0},"end":{"line":175,"column":3}},"176":{"start":{"line":177,"column":0},"end":{"line":177,"column":5}},"177":{"start":{"line":178,"column":0},"end":{"line":178,"column":28}},"178":{"start":{"line":179,"column":0},"end":{"line":179,"column":75}},"179":{"start":{"line":180,"column":0},"end":{"line":180,"column":5}},"180":{"start":{"line":181,"column":0},"end":{"line":181,"column":21}},"181":{"start":{"line":182,"column":0},"end":{"line":182,"column":9}},"182":{"start":{"line":183,"column":0},"end":{"line":183,"column":89}},"183":{"start":{"line":184,"column":0},"end":{"line":184,"column":65}},"185":{"start":{"line":186,"column":0},"end":{"line":186,"column":77}},"186":{"start":{"line":187,"column":0},"end":{"line":187,"column":79}},"187":{"start":{"line":188,"column":0},"end":{"line":188,"column":69}},"189":{"start":{"line":190,"column":0},"end":{"line":190,"column":27}},"190":{"start":{"line":191,"column":0},"end":{"line":191,"column":20}},"191":{"start":{"line":192,"column":0},"end":{"line":192,"column":7}},"193":{"start":{"line":194,"column":0},"end":{"line":194,"column":24}},"195":{"start":{"line":196,"column":0},"end":{"line":196,"column":26}},"196":{"start":{"line":197,"column":0},"end":{"line":197,"column":62}},"197":{"start":{"line":198,"column":0},"end":{"line":198,"column":7}},"199":{"start":{"line":200,"column":0},"end":{"line":200,"column":27}},"200":{"start":{"line":201,"column":0},"end":{"line":201,"column":64}},"201":{"start":{"line":202,"column":0},"end":{"line":202,"column":7}},"203":{"start":{"line":204,"column":0},"end":{"line":204,"column":22}},"204":{"start":{"line":205,"column":0},"end":{"line":205,"column":54}},"205":{"start":{"line":206,"column":0},"end":{"line":206,"column":7}},"207":{"start":{"line":208,"column":0},"end":{"line":208,"column":48}},"208":{"start":{"line":209,"column":0},"end":{"line":209,"column":21}},"209":{"start":{"line":210,"column":0},"end":{"line":210,"column":52}},"210":{"start":{"line":211,"column":0},"end":{"line":211,"column":18}},"211":{"start":{"line":212,"column":0},"end":{"line":212,"column":5}},"212":{"start":{"line":213,"column":0},"end":{"line":213,"column":3}},"214":{"start":{"line":215,"column":0},"end":{"line":215,"column":5}},"215":{"start":{"line":216,"column":0},"end":{"line":216,"column":29}},"216":{"start":{"line":217,"column":0},"end":{"line":217,"column":5}},"217":{"start":{"line":218,"column":0},"end":{"line":218,"column":17}},"218":{"start":{"line":219,"column":0},"end":{"line":219,"column":51}},"219":{"start":{"line":220,"column":0},"end":{"line":220,"column":4}},"220":{"start":{"line":221,"column":0},"end":{"line":221,"column":25}},"221":{"start":{"line":222,"column":0},"end":{"line":222,"column":35}},"222":{"start":{"line":223,"column":0},"end":{"line":223,"column":37}},"223":{"start":{"line":224,"column":0},"end":{"line":224,"column":7}},"225":{"start":{"line":226,"column":0},"end":{"line":226,"column":44}},"226":{"start":{"line":227,"column":0},"end":{"line":227,"column":42}},"227":{"start":{"line":228,"column":0},"end":{"line":228,"column":3}},"229":{"start":{"line":230,"column":0},"end":{"line":230,"column":5}},"230":{"start":{"line":231,"column":0},"end":{"line":231,"column":53}},"231":{"start":{"line":232,"column":0},"end":{"line":232,"column":47}},"232":{"start":{"line":233,"column":0},"end":{"line":233,"column":5}},"233":{"start":{"line":234,"column":0},"end":{"line":234,"column":27}},"234":{"start":{"line":235,"column":0},"end":{"line":235,"column":9}},"235":{"start":{"line":236,"column":0},"end":{"line":236,"column":44}},"236":{"start":{"line":237,"column":0},"end":{"line":237,"column":56}},"237":{"start":{"line":238,"column":0},"end":{"line":238,"column":21}},"238":{"start":{"line":239,"column":0},"end":{"line":239,"column":61}},"239":{"start":{"line":240,"column":0},"end":{"line":240,"column":19}},"240":{"start":{"line":241,"column":0},"end":{"line":241,"column":5}},"241":{"start":{"line":242,"column":0},"end":{"line":242,"column":3}},"243":{"start":{"line":244,"column":0},"end":{"line":244,"column":5}},"244":{"start":{"line":245,"column":0},"end":{"line":245,"column":47}},"245":{"start":{"line":246,"column":0},"end":{"line":246,"column":59}},"246":{"start":{"line":247,"column":0},"end":{"line":247,"column":5}},"247":{"start":{"line":248,"column":0},"end":{"line":248,"column":25}},"248":{"start":{"line":249,"column":0},"end":{"line":249,"column":9}},"249":{"start":{"line":250,"column":0},"end":{"line":250,"column":44}},"250":{"start":{"line":251,"column":0},"end":{"line":251,"column":62}},"251":{"start":{"line":252,"column":0},"end":{"line":252,"column":21}},"252":{"start":{"line":253,"column":0},"end":{"line":253,"column":61}},"253":{"start":{"line":254,"column":0},"end":{"line":254,"column":19}},"254":{"start":{"line":255,"column":0},"end":{"line":255,"column":5}},"255":{"start":{"line":256,"column":0},"end":{"line":256,"column":3}},"257":{"start":{"line":258,"column":0},"end":{"line":258,"column":5}},"258":{"start":{"line":259,"column":0},"end":{"line":259,"column":53}},"259":{"start":{"line":260,"column":0},"end":{"line":260,"column":77}},"260":{"start":{"line":261,"column":0},"end":{"line":261,"column":5}},"261":{"start":{"line":262,"column":0},"end":{"line":262,"column":34}},"262":{"start":{"line":263,"column":0},"end":{"line":263,"column":9}},"263":{"start":{"line":264,"column":0},"end":{"line":264,"column":44}},"264":{"start":{"line":265,"column":0},"end":{"line":265,"column":43}},"265":{"start":{"line":266,"column":0},"end":{"line":266,"column":20}},"266":{"start":{"line":267,"column":0},"end":{"line":267,"column":7}},"268":{"start":{"line":269,"column":0},"end":{"line":269,"column":64}},"269":{"start":{"line":270,"column":0},"end":{"line":270,"column":24}},"270":{"start":{"line":271,"column":0},"end":{"line":271,"column":20}},"271":{"start":{"line":272,"column":0},"end":{"line":272,"column":7}},"273":{"start":{"line":274,"column":0},"end":{"line":274,"column":60}},"274":{"start":{"line":275,"column":0},"end":{"line":275,"column":21}},"275":{"start":{"line":276,"column":0},"end":{"line":276,"column":67}},"276":{"start":{"line":277,"column":0},"end":{"line":277,"column":18}},"277":{"start":{"line":278,"column":0},"end":{"line":278,"column":5}},"278":{"start":{"line":279,"column":0},"end":{"line":279,"column":3}},"280":{"start":{"line":281,"column":0},"end":{"line":281,"column":5}},"281":{"start":{"line":282,"column":0},"end":{"line":282,"column":54}},"282":{"start":{"line":283,"column":0},"end":{"line":283,"column":57}},"283":{"start":{"line":284,"column":0},"end":{"line":284,"column":5}},"284":{"start":{"line":285,"column":0},"end":{"line":285,"column":43}},"285":{"start":{"line":286,"column":0},"end":{"line":286,"column":42}},"286":{"start":{"line":287,"column":0},"end":{"line":287,"column":19}},"287":{"start":{"line":288,"column":0},"end":{"line":288,"column":5}},"289":{"start":{"line":290,"column":0},"end":{"line":290,"column":68}},"290":{"start":{"line":291,"column":0},"end":{"line":291,"column":39}},"291":{"start":{"line":292,"column":0},"end":{"line":292,"column":19}},"292":{"start":{"line":293,"column":0},"end":{"line":293,"column":5}},"294":{"start":{"line":295,"column":0},"end":{"line":295,"column":56}},"295":{"start":{"line":296,"column":0},"end":{"line":296,"column":78}},"296":{"start":{"line":297,"column":0},"end":{"line":297,"column":3}},"298":{"start":{"line":299,"column":0},"end":{"line":299,"column":5}},"299":{"start":{"line":300,"column":0},"end":{"line":300,"column":43}},"300":{"start":{"line":301,"column":0},"end":{"line":301,"column":5}},"301":{"start":{"line":302,"column":0},"end":{"line":302,"column":36}},"302":{"start":{"line":303,"column":0},"end":{"line":303,"column":43}},"303":{"start":{"line":304,"column":0},"end":{"line":304,"column":3}},"305":{"start":{"line":306,"column":0},"end":{"line":306,"column":5}},"306":{"start":{"line":307,"column":0},"end":{"line":307,"column":37}},"307":{"start":{"line":308,"column":0},"end":{"line":308,"column":66}},"308":{"start":{"line":309,"column":0},"end":{"line":309,"column":5}},"309":{"start":{"line":310,"column":0},"end":{"line":310,"column":25}},"310":{"start":{"line":311,"column":0},"end":{"line":311,"column":33}},"311":{"start":{"line":312,"column":0},"end":{"line":312,"column":3}},"313":{"start":{"line":314,"column":0},"end":{"line":314,"column":5}},"314":{"start":{"line":315,"column":0},"end":{"line":315,"column":40}},"315":{"start":{"line":316,"column":0},"end":{"line":316,"column":52}},"316":{"start":{"line":317,"column":0},"end":{"line":317,"column":5}},"317":{"start":{"line":318,"column":0},"end":{"line":318,"column":28}},"318":{"start":{"line":319,"column":0},"end":{"line":319,"column":36}},"319":{"start":{"line":320,"column":0},"end":{"line":320,"column":3}},"321":{"start":{"line":322,"column":0},"end":{"line":322,"column":5}},"322":{"start":{"line":323,"column":0},"end":{"line":323,"column":39}},"323":{"start":{"line":324,"column":0},"end":{"line":324,"column":39}},"324":{"start":{"line":325,"column":0},"end":{"line":325,"column":35}},"325":{"start":{"line":326,"column":0},"end":{"line":326,"column":5}},"326":{"start":{"line":327,"column":0},"end":{"line":327,"column":32}},"327":{"start":{"line":328,"column":0},"end":{"line":328,"column":40}},"328":{"start":{"line":329,"column":0},"end":{"line":329,"column":11}},"329":{"start":{"line":330,"column":0},"end":{"line":330,"column":30}},"330":{"start":{"line":331,"column":0},"end":{"line":331,"column":23}},"331":{"start":{"line":332,"column":0},"end":{"line":332,"column":57}},"332":{"start":{"line":333,"column":0},"end":{"line":333,"column":7}},"333":{"start":{"line":334,"column":0},"end":{"line":334,"column":7}},"334":{"start":{"line":335,"column":0},"end":{"line":335,"column":3}},"335":{"start":{"line":336,"column":0},"end":{"line":336,"column":1}},"337":{"start":{"line":338,"column":0},"end":{"line":338,"column":30}},"338":{"start":{"line":339,"column":0},"end":{"line":339,"column":59}}},"s":{"0":0,"1":0,"2":0,"3":0,"5":0,"6":0,"7":0,"8":0,"9":0,"10":0,"11":0,"13":0,"15":0,"16":0,"17":0,"18":0,"19":0,"20":0,"21":0,"22":0,"23":0,"25":0,"26":0,"27":0,"28":0,"29":0,"31":0,"32":0,"33":0,"34":0,"35":0,"36":0,"37":0,"38":0,"39":0,"41":0,"42":0,"43":0,"44":0,"45":0,"46":0,"47":0,"48":0,"49":0,"51":0,"52":0,"53":0,"54":0,"56":0,"57":0,"58":0,"59":0,"61":0,"62":0,"63":0,"64":0,"65":0,"66":0,"67":0,"68":0,"69":0,"70":0,"72":0,"73":0,"75":0,"76":0,"77":0,"78":0,"79":0,"80":0,"81":0,"82":0,"83":0,"84":0,"86":0,"87":0,"88":0,"89":0,"91":0,"92":0,"93":0,"95":0,"96":0,"97":0,"98":0,"99":0,"100":0,"101":0,"102":0,"103":0,"104":0,"105":0,"106":0,"107":0,"109":0,"110":0,"111":0,"112":0,"113":0,"114":0,"115":0,"116":0,"117":0,"118":0,"119":0,"120":0,"121":0,"122":0,"123":0,"124":0,"126":0,"127":0,"128":0,"129":0,"130":0,"131":0,"132":0,"133":0,"135":0,"136":0,"137":0,"138":0,"139":0,"140":0,"141":0,"142":0,"143":0,"144":0,"145":0,"146":0,"147":0,"148":0,"149":0,"151":0,"152":0,"153":0,"154":0,"155":0,"156":0,"158":0,"159":0,"160":0,"161":0,"162":0,"163":0,"165":0,"166":0,"167":0,"169":0,"170":0,"171":0,"172":0,"173":0,"174":0,"176":0,"177":0,"178":0,"179":0,"180":0,"181":0,"182":0,"183":0,"185":0,"186":0,"187":0,"189":0,"190":0,"191":0,"193":0,"195":0,"196":0,"197":0,"199":0,"200":0,"201":0,"203":0,"204":0,"205":0,"207":0,"208":0,"209":0,"210":0,"211":0,"212":0,"214":0,"215":0,"216":0,"217":0,"218":0,"219":0,"220":0,"221":0,"222":0,"223":0,"225":0,"226":0,"227":0,"229":0,"230":0,"231":0,"232":0,"233":0,"234":0,"235":0,"236":0,"237":0,"238":0,"239":0,"240":0,"241":0,"243":0,"244":0,"245":0,"246":0,"247":0,"248":0,"249":0,"250":0,"251":0,"252":0,"253":0,"254":0,"255":0,"257":0,"258":0,"259":0,"260":0,"261":0,"262":0,"263":0,"264":0,"265":0,"266":0,"268":0,"269":0,"270":0,"271":0,"273":0,"274":0,"275":0,"276":0,"277":0,"278":0,"280":0,"281":0,"282":0,"283":0,"284":0,"285":0,"286":0,"287":0,"289":0,"290":0,"291":0,"292":0,"294":0,"295":0,"296":0,"298":0,"299":0,"300":0,"301":0,"302":0,"303":0,"305":0,"306":0,"307":0,"308":0,"309":0,"310":0,"311":0,"313":0,"314":0,"315":0,"316":0,"317":0,"318":0,"319":0,"321":0,"322":0,"323":0,"324":0,"325":0,"326":0,"327":0,"328":0,"329":0,"330":0,"331":0,"332":0,"333":0,"334":0,"335":0,"337":0,"338":0},"branchMap":{"0":{"type":"branch","line":1,"loc":{"start":{"line":1,"column":8786},"end":{"line":339,"column":59}},"locations":[{"start":{"line":1,"column":8786},"end":{"line":339,"column":59}}]}},"b":{"0":[0]},"fnMap":{"0":{"name":"(empty-report)","decl":{"start":{"line":1,"column":8786},"end":{"line":339,"column":59}},"loc":{"start":{"line":1,"column":8786},"end":{"line":339,"column":59}},"line":1}},"f":{"0":0}}
}
