<?xml version="1.0" encoding="UTF-8"?>
<coverage generated="1755614139034" clover="3.2.0">
  <project timestamp="1755614139034" name="All files">
    <metrics statements="49" coveredstatements="49" conditionals="34" coveredconditionals="29" methods="5" coveredmethods="5" elements="88" coveredelements="83" complexity="0" loc="49" ncloc="49" packages="2" files="2" classes="2"/>
    <package name="config">
      <metrics statements="28" coveredstatements="28" conditionals="24" coveredconditionals="24" methods="4" coveredmethods="4"/>
      <file name="environment.ts" path="/Users/JimBarrows/projects.nosync/TravellerRPG/infrastructure/lib/config/environment.ts">
        <metrics statements="28" coveredstatements="28" conditionals="24" coveredconditionals="24" methods="4" coveredmethods="4"/>
        <line num="118" count="1" type="stmt"/>
        <line num="217" count="1" type="stmt"/>
        <line num="276" count="1" type="stmt"/>
        <line num="352" count="1" type="stmt"/>
        <line num="353" count="4" type="cond" truecount="4" falsecount="0"/>
        <line num="355" count="1" type="stmt"/>
        <line num="357" count="1" type="stmt"/>
        <line num="359" count="1" type="stmt"/>
        <line num="361" count="1" type="stmt"/>
        <line num="368" count="1" type="stmt"/>
        <line num="370" count="10" type="cond" truecount="2" falsecount="0"/>
        <line num="371" count="1" type="stmt"/>
        <line num="374" count="9" type="cond" truecount="2" falsecount="0"/>
        <line num="375" count="1" type="stmt"/>
        <line num="378" count="8" type="cond" truecount="2" falsecount="0"/>
        <line num="379" count="1" type="stmt"/>
        <line num="383" count="7" type="cond" truecount="4" falsecount="0"/>
        <line num="384" count="1" type="stmt"/>
        <line num="388" count="6" type="cond" truecount="4" falsecount="0"/>
        <line num="389" count="1" type="stmt"/>
        <line num="392" count="5" type="cond" truecount="4" falsecount="0"/>
        <line num="393" count="1" type="stmt"/>
        <line num="397" count="4" type="cond" truecount="2" falsecount="0"/>
        <line num="398" count="1" type="stmt"/>
        <line num="405" count="1" type="stmt"/>
        <line num="406" count="2" type="stmt"/>
        <line num="412" count="1" type="stmt"/>
        <line num="413" count="2" type="stmt"/>
      </file>
    </package>
    <package name="stacks">
      <metrics statements="21" coveredstatements="21" conditionals="10" coveredconditionals="5" methods="1" coveredmethods="1"/>
      <file name="auth-stack.ts" path="/Users/JimBarrows/projects.nosync/TravellerRPG/infrastructure/lib/stacks/auth-stack.ts">
        <metrics statements="21" coveredstatements="21" conditionals="10" coveredconditionals="5" methods="1" coveredmethods="1"/>
        <line num="1" count="1" type="stmt"/>
        <line num="2" count="1" type="stmt"/>
        <line num="10" count="1" type="stmt"/>
        <line num="16" count="26" type="stmt"/>
        <line num="18" count="26" type="stmt"/>
        <line num="21" count="26" type="stmt"/>
        <line num="68" count="26" type="stmt"/>
        <line num="81" count="26" type="stmt"/>
        <line num="117" count="26" type="stmt"/>
        <line num="137" count="26" type="stmt"/>
        <line num="144" count="26" type="stmt"/>
        <line num="151" count="26" type="stmt"/>
        <line num="159" count="26" type="stmt"/>
        <line num="166" count="26" type="stmt"/>
        <line num="173" count="26" type="stmt"/>
        <line num="181" count="26" type="stmt"/>
        <line num="194" count="26" type="stmt"/>
        <line num="200" count="26" type="stmt"/>
        <line num="206" count="26" type="stmt"/>
        <line num="212" count="26" type="stmt"/>
        <line num="218" count="26" type="stmt"/>
      </file>
    </package>
  </project>
</coverage>
