{
  "/Users/JimBarrows/projects.nosync/TravellerRPG/infrastructure/lib/config/environment.ts": {
    "path": "/Users/JimBarrows/projects.nosync/TravellerRPG/infrastructure/lib/config/environment.ts",
    "statementMap": {
      "0": {
        "start": { "line": 352, "column": 0 },
        "end": { "line": 352, "column": 16 }
      },
      "1": {
        "start": { "line": 368, "column": 0 },
        "end": { "line": 368, "column": 16 }
      },
      "2": {
        "start": { "line": 405, "column": 0 },
        "end": { "line": 405, "column": 16 }
      },
      "3": {
        "start": { "line": 412, "column": 0 },
        "end": { "line": 412, "column": 16 }
      },
      "4": {
        "start": { "line": 118, "column": 13 },
        "end": { "line": 212, "column": 2 }
      },
      "5": {
        "start": { "line": 217, "column": 13 },
        "end": { "line": 271, "column": 2 }
      },
      "6": {
        "start": { "line": 276, "column": 13 },
        "end": { "line": 347, "column": 2 }
      },
      "7": {
        "start": { "line": 353, "column": 2 },
        "end": { "line": 362, "column": 3 }
      },
      "8": {
        "start": { "line": 355, "column": 6 },
        "end": { "line": 355, "column": 23 }
      },
      "9": {
        "start": { "line": 357, "column": 6 },
        "end": { "line": 357, "column": 27 }
      },
      "10": {
        "start": { "line": 359, "column": 6 },
        "end": { "line": 359, "column": 24 }
      },
      "11": {
        "start": { "line": 361, "column": 6 },
        "end": { "line": 361, "column": 61 }
      },
      "12": {
        "start": { "line": 370, "column": 2 },
        "end": { "line": 372, "column": 3 }
      },
      "13": {
        "start": { "line": 371, "column": 4 },
        "end": { "line": 371, "column": 44 }
      },
      "14": {
        "start": { "line": 374, "column": 2 },
        "end": { "line": 376, "column": 3 }
      },
      "15": {
        "start": { "line": 375, "column": 4 },
        "end": { "line": 375, "column": 42 }
      },
      "16": {
        "start": { "line": 378, "column": 2 },
        "end": { "line": 380, "column": 3 }
      },
      "17": {
        "start": { "line": 379, "column": 4 },
        "end": { "line": 379, "column": 65 }
      },
      "18": {
        "start": { "line": 383, "column": 2 },
        "end": { "line": 385, "column": 3 }
      },
      "19": {
        "start": { "line": 384, "column": 4 },
        "end": { "line": 384, "column": 70 }
      },
      "20": {
        "start": { "line": 388, "column": 2 },
        "end": { "line": 390, "column": 3 }
      },
      "21": {
        "start": { "line": 389, "column": 4 },
        "end": { "line": 389, "column": 72 }
      },
      "22": {
        "start": { "line": 392, "column": 2 },
        "end": { "line": 394, "column": 3 }
      },
      "23": {
        "start": { "line": 393, "column": 4 },
        "end": { "line": 393, "column": 75 }
      },
      "24": {
        "start": { "line": 397, "column": 2 },
        "end": { "line": 399, "column": 3 }
      },
      "25": {
        "start": { "line": 398, "column": 4 },
        "end": { "line": 398, "column": 63 }
      },
      "26": {
        "start": { "line": 406, "column": 2 },
        "end": { "line": 406, "column": 45 }
      },
      "27": {
        "start": { "line": 413, "column": 2 },
        "end": { "line": 413, "column": 45 }
      }
    },
    "fnMap": {
      "0": {
        "name": "getEnvironmentConfig",
        "decl": {
          "start": { "line": 352, "column": 16 },
          "end": { "line": 352, "column": 36 }
        },
        "loc": {
          "start": { "line": 352, "column": 56 },
          "end": { "line": 363, "column": 1 }
        }
      },
      "1": {
        "name": "validateEnvironmentConfig",
        "decl": {
          "start": { "line": 368, "column": 16 },
          "end": { "line": 368, "column": 41 }
        },
        "loc": {
          "start": { "line": 368, "column": 67 },
          "end": { "line": 400, "column": 1 }
        }
      },
      "2": {
        "name": "getParameterPath",
        "decl": {
          "start": { "line": 405, "column": 16 },
          "end": { "line": 405, "column": 32 }
        },
        "loc": {
          "start": { "line": 405, "column": 82 },
          "end": { "line": 407, "column": 1 }
        }
      },
      "3": {
        "name": "getSecretName",
        "decl": {
          "start": { "line": 412, "column": 16 },
          "end": { "line": 412, "column": 29 }
        },
        "loc": {
          "start": { "line": 412, "column": 79 },
          "end": { "line": 414, "column": 1 }
        }
      }
    },
    "branchMap": {
      "0": {
        "loc": {
          "start": { "line": 353, "column": 2 },
          "end": { "line": 362, "column": 3 }
        },
        "type": "switch",
        "locations": [
          {
            "start": { "line": 354, "column": 4 },
            "end": { "line": 355, "column": 23 }
          },
          {
            "start": { "line": 356, "column": 4 },
            "end": { "line": 357, "column": 27 }
          },
          {
            "start": { "line": 358, "column": 4 },
            "end": { "line": 359, "column": 24 }
          },
          {
            "start": { "line": 360, "column": 4 },
            "end": { "line": 361, "column": 61 }
          }
        ]
      },
      "1": {
        "loc": {
          "start": { "line": 370, "column": 2 },
          "end": { "line": 372, "column": 3 }
        },
        "type": "if",
        "locations": [
          {
            "start": { "line": 370, "column": 2 },
            "end": { "line": 372, "column": 3 }
          },
          { "start": {}, "end": {} }
        ]
      },
      "2": {
        "loc": {
          "start": { "line": 374, "column": 2 },
          "end": { "line": 376, "column": 3 }
        },
        "type": "if",
        "locations": [
          {
            "start": { "line": 374, "column": 2 },
            "end": { "line": 376, "column": 3 }
          },
          { "start": {}, "end": {} }
        ]
      },
      "3": {
        "loc": {
          "start": { "line": 378, "column": 2 },
          "end": { "line": 380, "column": 3 }
        },
        "type": "if",
        "locations": [
          {
            "start": { "line": 378, "column": 2 },
            "end": { "line": 380, "column": 3 }
          },
          { "start": {}, "end": {} }
        ]
      },
      "4": {
        "loc": {
          "start": { "line": 383, "column": 2 },
          "end": { "line": 385, "column": 3 }
        },
        "type": "if",
        "locations": [
          {
            "start": { "line": 383, "column": 2 },
            "end": { "line": 385, "column": 3 }
          },
          { "start": {}, "end": {} }
        ]
      },
      "5": {
        "loc": {
          "start": { "line": 383, "column": 6 },
          "end": { "line": 383, "column": 81 }
        },
        "type": "binary-expr",
        "locations": [
          {
            "start": { "line": 383, "column": 6 },
            "end": { "line": 383, "column": 41 }
          },
          {
            "start": { "line": 383, "column": 45 },
            "end": { "line": 383, "column": 81 }
          }
        ]
      },
      "6": {
        "loc": {
          "start": { "line": 388, "column": 2 },
          "end": { "line": 390, "column": 3 }
        },
        "type": "if",
        "locations": [
          {
            "start": { "line": 388, "column": 2 },
            "end": { "line": 390, "column": 3 }
          },
          { "start": {}, "end": {} }
        ]
      },
      "7": {
        "loc": {
          "start": { "line": 388, "column": 6 },
          "end": { "line": 388, "column": 62 }
        },
        "type": "binary-expr",
        "locations": [
          {
            "start": { "line": 388, "column": 6 },
            "end": { "line": 388, "column": 31 }
          },
          {
            "start": { "line": 388, "column": 35 },
            "end": { "line": 388, "column": 62 }
          }
        ]
      },
      "8": {
        "loc": {
          "start": { "line": 392, "column": 2 },
          "end": { "line": 394, "column": 3 }
        },
        "type": "if",
        "locations": [
          {
            "start": { "line": 392, "column": 2 },
            "end": { "line": 394, "column": 3 }
          },
          { "start": {}, "end": {} }
        ]
      },
      "9": {
        "loc": {
          "start": { "line": 392, "column": 6 },
          "end": { "line": 392, "column": 72 }
        },
        "type": "binary-expr",
        "locations": [
          {
            "start": { "line": 392, "column": 6 },
            "end": { "line": 392, "column": 36 }
          },
          {
            "start": { "line": 392, "column": 40 },
            "end": { "line": 392, "column": 72 }
          }
        ]
      },
      "10": {
        "loc": {
          "start": { "line": 397, "column": 2 },
          "end": { "line": 399, "column": 3 }
        },
        "type": "if",
        "locations": [
          {
            "start": { "line": 397, "column": 2 },
            "end": { "line": 399, "column": 3 }
          },
          { "start": {}, "end": {} }
        ]
      }
    },
    "s": {
      "0": 1,
      "1": 1,
      "2": 1,
      "3": 1,
      "4": 1,
      "5": 1,
      "6": 1,
      "7": 4,
      "8": 1,
      "9": 1,
      "10": 1,
      "11": 1,
      "12": 10,
      "13": 1,
      "14": 9,
      "15": 1,
      "16": 8,
      "17": 1,
      "18": 7,
      "19": 1,
      "20": 6,
      "21": 1,
      "22": 5,
      "23": 1,
      "24": 4,
      "25": 1,
      "26": 2,
      "27": 2
    },
    "f": { "0": 4, "1": 10, "2": 2, "3": 2 },
    "b": {
      "0": [1, 1, 1, 1],
      "1": [1, 9],
      "2": [1, 8],
      "3": [1, 7],
      "4": [1, 6],
      "5": [7, 7],
      "6": [1, 5],
      "7": [6, 6],
      "8": [1, 4],
      "9": [5, 4],
      "10": [1, 3]
    }
  },
  "/Users/JimBarrows/projects.nosync/TravellerRPG/infrastructure/lib/stacks/auth-stack.ts": {
    "path": "/Users/JimBarrows/projects.nosync/TravellerRPG/infrastructure/lib/stacks/auth-stack.ts",
    "statementMap": {
      "0": {
        "start": { "line": 1, "column": 0 },
        "end": { "line": 1, "column": 35 }
      },
      "1": {
        "start": { "line": 2, "column": 0 },
        "end": { "line": 2, "column": 51 }
      },
      "2": {
        "start": { "line": 16, "column": 4 },
        "end": { "line": 16, "column": 28 }
      },
      "3": {
        "start": { "line": 18, "column": 37 },
        "end": { "line": 18, "column": 42 }
      },
      "4": {
        "start": { "line": 21, "column": 4 },
        "end": { "line": 65, "column": 7 }
      },
      "5": {
        "start": { "line": 68, "column": 27 },
        "end": { "line": 78, "column": 6 }
      },
      "6": {
        "start": { "line": 81, "column": 4 },
        "end": { "line": 115, "column": 7 }
      },
      "7": {
        "start": { "line": 117, "column": 25 },
        "end": { "line": 134, "column": 6 }
      },
      "8": {
        "start": { "line": 137, "column": 4 },
        "end": { "line": 142, "column": 7 }
      },
      "9": {
        "start": { "line": 144, "column": 4 },
        "end": { "line": 149, "column": 7 }
      },
      "10": {
        "start": { "line": 151, "column": 4 },
        "end": { "line": 156, "column": 7 }
      },
      "11": {
        "start": { "line": 159, "column": 4 },
        "end": { "line": 164, "column": 7 }
      },
      "12": {
        "start": { "line": 166, "column": 4 },
        "end": { "line": 171, "column": 7 }
      },
      "13": {
        "start": { "line": 173, "column": 4 },
        "end": { "line": 178, "column": 7 }
      },
      "14": {
        "start": { "line": 181, "column": 4 },
        "end": { "line": 191, "column": 7 }
      },
      "15": {
        "start": { "line": 194, "column": 4 },
        "end": { "line": 198, "column": 7 }
      },
      "16": {
        "start": { "line": 200, "column": 4 },
        "end": { "line": 204, "column": 7 }
      },
      "17": {
        "start": { "line": 206, "column": 4 },
        "end": { "line": 210, "column": 7 }
      },
      "18": {
        "start": { "line": 212, "column": 4 },
        "end": { "line": 216, "column": 7 }
      },
      "19": {
        "start": { "line": 218, "column": 4 },
        "end": { "line": 222, "column": 7 }
      },
      "20": {
        "start": { "line": 10, "column": 0 },
        "end": { "line": 10, "column": 13 }
      }
    },
    "fnMap": {
      "0": {
        "name": "(anonymous_9)",
        "decl": {
          "start": { "line": 15, "column": 2 },
          "end": { "line": 15, "column": 14 }
        },
        "loc": {
          "start": { "line": 15, "column": 65 },
          "end": { "line": 223, "column": 3 }
        }
      }
    },
    "branchMap": {
      "0": {
        "loc": {
          "start": { "line": 62, "column": 21 },
          "end": { "line": 64, "column": 35 }
        },
        "type": "cond-expr",
        "locations": [
          {
            "start": { "line": 63, "column": 10 },
            "end": { "line": 63, "column": 34 }
          },
          {
            "start": { "line": 64, "column": 10 },
            "end": { "line": 64, "column": 35 }
          }
        ]
      },
      "1": {
        "loc": {
          "start": { "line": 69, "column": 16 },
          "end": { "line": 69, "column": 61 }
        },
        "type": "binary-expr",
        "locations": [
          {
            "start": { "line": 69, "column": 16 },
            "end": { "line": 69, "column": 44 }
          },
          {
            "start": { "line": 69, "column": 48 },
            "end": { "line": 69, "column": 61 }
          }
        ]
      },
      "2": {
        "loc": {
          "start": { "line": 70, "column": 20 },
          "end": { "line": 70, "column": 69 }
        },
        "type": "binary-expr",
        "locations": [
          {
            "start": { "line": 70, "column": 20 },
            "end": { "line": 70, "column": 52 }
          },
          {
            "start": { "line": 70, "column": 56 },
            "end": { "line": 70, "column": 69 }
          }
        ]
      },
      "3": {
        "loc": {
          "start": { "line": 103, "column": 22 },
          "end": { "line": 105, "column": 46 }
        },
        "type": "cond-expr",
        "locations": [
          {
            "start": { "line": 104, "column": 12 },
            "end": { "line": 104, "column": 54 }
          },
          {
            "start": { "line": 105, "column": 12 },
            "end": { "line": 105, "column": 46 }
          }
        ]
      },
      "4": {
        "loc": {
          "start": { "line": 106, "column": 20 },
          "end": { "line": 108, "column": 37 }
        },
        "type": "cond-expr",
        "locations": [
          {
            "start": { "line": 107, "column": 12 },
            "end": { "line": 107, "column": 45 }
          },
          {
            "start": { "line": 108, "column": 12 },
            "end": { "line": 108, "column": 37 }
          }
        ]
      }
    },
    "s": {
      "0": 1,
      "1": 1,
      "2": 26,
      "3": 26,
      "4": 26,
      "5": 26,
      "6": 26,
      "7": 26,
      "8": 26,
      "9": 26,
      "10": 26,
      "11": 26,
      "12": 26,
      "13": 26,
      "14": 26,
      "15": 26,
      "16": 26,
      "17": 26,
      "18": 26,
      "19": 26,
      "20": 1
    },
    "f": { "0": 26 },
    "b": {
      "0": [0, 26],
      "1": [26, 0],
      "2": [26, 0],
      "3": [0, 26],
      "4": [0, 26]
    }
  }
}
