TN:
SF:lib/config/environment.ts
FN:352,getEnvironmentConfig
FN:368,validateEnvironmentConfig
FN:405,getParameterPath
FN:412,getSecretName
FNF:4
FNH:4
FNDA:4,getEnvironmentConfig
FNDA:10,validateEnvironmentConfig
FNDA:2,getParameterPath
FNDA:2,getSecretName
DA:118,1
DA:217,1
DA:276,1
DA:352,1
DA:353,4
DA:355,1
DA:357,1
DA:359,1
DA:361,1
DA:368,1
DA:370,10
DA:371,1
DA:374,9
DA:375,1
DA:378,8
DA:379,1
DA:383,7
DA:384,1
DA:388,6
DA:389,1
DA:392,5
DA:393,1
DA:397,4
DA:398,1
DA:405,1
DA:406,2
DA:412,1
DA:413,2
LF:28
LH:28
BRDA:353,0,0,1
BRDA:353,0,1,1
BRDA:353,0,2,1
BRDA:353,0,3,1
BRDA:370,1,0,1
BRDA:370,1,1,9
BRDA:374,2,0,1
BRDA:374,2,1,8
BRDA:378,3,0,1
BRDA:378,3,1,7
BRDA:383,4,0,1
BRDA:383,4,1,6
BRDA:383,5,0,7
BRDA:383,5,1,7
BRDA:388,6,0,1
BRDA:388,6,1,5
BRDA:388,7,0,6
BRDA:388,7,1,6
BRDA:392,8,0,1
BRDA:392,8,1,4
BRDA:392,9,0,5
BRDA:392,9,1,4
BRDA:397,10,0,1
BRDA:397,10,1,3
BRF:24
BRH:24
end_of_record
TN:
SF:lib/stacks/auth-stack.ts
FN:15,(anonymous_9)
FNF:1
FNH:1
FNDA:26,(anonymous_9)
DA:1,1
DA:2,1
DA:10,1
DA:16,26
DA:18,26
DA:21,26
DA:68,26
DA:81,26
DA:117,26
DA:137,26
DA:144,26
DA:151,26
DA:159,26
DA:166,26
DA:173,26
DA:181,26
DA:194,26
DA:200,26
DA:206,26
DA:212,26
DA:218,26
LF:21
LH:21
BRDA:62,0,0,0
BRDA:62,0,1,26
BRDA:69,1,0,26
BRDA:69,1,1,0
BRDA:70,2,0,26
BRDA:70,2,1,0
BRDA:103,3,0,0
BRDA:103,3,1,26
BRDA:106,4,0,0
BRDA:106,4,1,26
BRF:10
BRH:5
end_of_record
